2026-05-01 15:09:25,821 [INFO] Activator:176 - 


2026-05-01 15:09:25,822 [INFO] Activator:177 - !SESSION log4j initialized
2026-05-01 15:09:27,936 [INFO] LogOutputStream:77 - [STDOUT_REDIRECT] 
2026-05-01 15:09:29,274 [INFO] ApplicationProperties:184 - Using Application install path: D:\STM32\STM32CubeIDE_1.19.0\STM32CubeIDE\plugins\com.st.stm32cube.common.mx_6.15.0.202507011659
2026-05-01 15:09:29,283 [INFO] DbMcusXml:78 - Set database path to: D:\STM32\STM32CubeIDE_1.19.0\STM32CubeIDE\plugins\com.st.stm32cube.common.mx_6.15.0.202507011659\\db\/mcu/
2026-05-01 15:09:29,283 [INFO] ApiDb:274 - Set plugin database path to: D:\STM32\STM32CubeIDE_1.19.0\STM32CubeIDE\plugins\com.st.stm32cube.common.mx_6.15.0.202507011659\\db\/plugins/boardmanager/
2026-05-01 15:09:29,285 [WARN] ApiDb:259 - Overriding images path with different value:  => D:\STM32\STM32CubeIDE_1.19.0\STM32CubeIDE\plugins\com.st.stm32cube.common.mx_6.15.0.202507011659\\db\/plugins/mcufinder/images/
2026-05-01 15:09:29,289 [INFO] ApiDb:250 - Set database path to: C:\Users\Karthe\.stmcufinder\plugins\mcufinder//mcu/
2026-05-01 15:09:29,289 [INFO] DbMcusAds:125 - Set database path to: C:\Users\Karthe\.stmcufinder\plugins\mcufinder//mcu/
2026-05-01 15:09:29,290 [INFO] CrossReferenceDbSqlite:203 - Set database path to: C:\Users\Karthe\.stmcufinder\plugins\mcufinder//mcu/cs/
2026-05-01 15:09:29,364 [INFO] RulesReader:64 - Compatibility file has been processed (317 Rules)
2026-05-01 15:09:29,412 [INFO] DbMcusXml:78 - Set database path to: D:\STM32\STM32CubeIDE_1.19.0\STM32CubeIDE\plugins\com.st.stm32cube.common.mx_6.15.0.202507011659\\db\/mcu/
2026-05-01 15:09:29,412 [INFO] ApiDb:274 - Set plugin database path to: D:\STM32\STM32CubeIDE_1.19.0\STM32CubeIDE\plugins\com.st.stm32cube.common.mx_6.15.0.202507011659\\db\/plugins/boardmanager/
2026-05-01 15:09:29,412 [INFO] ApiDb:261 - Set plugin images path to: D:\STM32\STM32CubeIDE_1.19.0\STM32CubeIDE\plugins\com.st.stm32cube.common.mx_6.15.0.202507011659\\db\/plugins/mcufinder/images/
2026-05-01 15:09:29,413 [WARN] DbFile:41 - Overriding database path with different value: C:\Users\Karthe\.stmcufinder\plugins\mcufinder/ => C:\Users\Karthe\.stmcufinder\plugins\mcufinder
2026-05-01 15:09:29,413 [INFO] ApiDb:250 - Set database path to: C:\Users\Karthe\.stmcufinder\plugins\mcufinder//mcu/
2026-05-01 15:09:29,413 [WARN] DbFile:41 - Overriding database path with different value: C:\Users\Karthe\.stmcufinder\plugins\mcufinder/ => C:\Users\Karthe\.stmcufinder\plugins\mcufinder
2026-05-01 15:09:29,413 [INFO] DbMcusAds:125 - Set database path to: C:\Users\Karthe\.stmcufinder\plugins\mcufinder//mcu/
2026-05-01 15:09:29,413 [WARN] DbFile:41 - Overriding database path with different value: C:\Users\Karthe\.stmcufinder\plugins\mcufinder/ => C:\Users\Karthe\.stmcufinder\plugins\mcufinder
2026-05-01 15:09:29,413 [WARN] DbFile:41 - Overriding database path with different value: C:\Users\Karthe\.stmcufinder\plugins\mcufinder/ => C:\Users\Karthe\.stmcufinder\plugins\mcufinder
2026-05-01 15:09:29,413 [INFO] CrossReferenceDbSqlite:203 - Set database path to: C:\Users\Karthe\.stmcufinder\plugins\mcufinder//mcu/cs/
2026-05-01 15:09:29,457 [INFO] MainPanel:274 - HeapMemory: 268435456
2026-05-01 15:09:29,506 [INFO] DbMcusXml:78 - Set database path to: D:\STM32\STM32CubeIDE_1.19.0\STM32CubeIDE\plugins\com.st.stm32cube.common.mx_6.15.0.202507011659\\db\/mcu/
2026-05-01 15:09:29,506 [INFO] ApiDb:274 - Set plugin database path to: D:\STM32\STM32CubeIDE_1.19.0\STM32CubeIDE\plugins\com.st.stm32cube.common.mx_6.15.0.202507011659\\db\/plugins/boardmanager/
2026-05-01 15:09:29,506 [INFO] ApiDb:261 - Set plugin images path to: D:\STM32\STM32CubeIDE_1.19.0\STM32CubeIDE\plugins\com.st.stm32cube.common.mx_6.15.0.202507011659\\db\/plugins/mcufinder/images/
2026-05-01 15:09:29,506 [WARN] DbFile:41 - Overriding database path with different value: C:\Users\Karthe\.stmcufinder\plugins\mcufinder/ => C:\Users\Karthe\.stmcufinder\plugins\mcufinder
2026-05-01 15:09:29,506 [INFO] ApiDb:250 - Set database path to: C:\Users\Karthe\.stmcufinder\plugins\mcufinder//mcu/
2026-05-01 15:09:29,506 [WARN] DbFile:41 - Overriding database path with different value: C:\Users\Karthe\.stmcufinder\plugins\mcufinder/ => C:\Users\Karthe\.stmcufinder\plugins\mcufinder
2026-05-01 15:09:29,506 [INFO] DbMcusAds:125 - Set database path to: C:\Users\Karthe\.stmcufinder\plugins\mcufinder//mcu/
2026-05-01 15:09:29,506 [WARN] DbFile:41 - Overriding database path with different value: C:\Users\Karthe\.stmcufinder\plugins\mcufinder/ => C:\Users\Karthe\.stmcufinder\plugins\mcufinder
2026-05-01 15:09:29,506 [WARN] DbFile:41 - Overriding database path with different value: C:\Users\Karthe\.stmcufinder\plugins\mcufinder/ => C:\Users\Karthe\.stmcufinder\plugins\mcufinder
2026-05-01 15:09:29,507 [INFO] CrossReferenceDbSqlite:203 - Set database path to: C:\Users\Karthe\.stmcufinder\plugins\mcufinder//mcu/cs/
2026-05-01 15:09:29,518 [INFO] ApplicationProperties:184 - Using Application install path: D:\STM32\STM32CubeIDE_1.19.0\STM32CubeIDE\plugins\com.st.stm32cube.common.mx_6.15.0.202507011659
2026-05-01 15:09:29,518 [INFO] PluginManage:196 - Search for loadable plugins [exclusion list=, ]
2026-05-01 15:09:29,519 [INFO] PluginManage:310 - Check plugin analytics
2026-05-01 15:09:29,624 [INFO] AnalyticsPlugin:253 - Accepted Software Licenses: 
2026-05-01 15:09:29,624 [INFO] AnalyticsPlugin:255 - Accepted CMSIS Pack Licenses: STMicroelectronics.X-CUBE-AI.10.2.0,STMicroelectronics.X-CUBE-AI.10.1.0
2026-05-01 15:09:29,624 [INFO] AnalyticsPlugin:257 - Accepted Firmware Licenses: FW.F7.1.17.0
2026-05-01 15:09:29,626 [INFO] PluginManage:359 - Loaded plugin analytics (category:tool,tabindex:-1)
2026-05-01 15:09:29,626 [INFO] PluginManage:310 - Check plugin cadmodel
2026-05-01 15:09:29,628 [INFO] CADModel:105 - Init CAD model plugin
2026-05-01 15:09:29,628 [INFO] PluginManage:359 - Loaded plugin cadmodel (category:power,tabindex:5)
2026-05-01 15:09:29,629 [INFO] PluginManage:310 - Check plugin clock
2026-05-01 15:09:29,634 [INFO] PluginManage:359 - Loaded plugin clock (category:base,tabindex:2)
2026-05-01 15:09:29,634 [INFO] PluginManage:310 - Check plugin ddr
2026-05-01 15:09:29,635 [INFO] PluginManage:359 - Loaded plugin ddr (category:tool,tabindex:6)
2026-05-01 15:09:29,635 [INFO] PluginManage:310 - Check plugin filemanager
2026-05-01 15:09:29,756 [INFO] PluginManage:359 - Loaded plugin filemanager (category:base,tabindex:10)
2026-05-01 15:09:29,756 [INFO] PluginManage:310 - Check plugin ipmanager
2026-05-01 15:09:29,762 [INFO] PluginManage:359 - Loaded plugin ipmanager (category:base,tabindex:5)
2026-05-01 15:09:29,762 [INFO] PluginManage:310 - Check plugin lpbam
2026-05-01 15:09:29,768 [INFO] PluginManage:359 - Loaded plugin lpbam (category:base,tabindex:0)
2026-05-01 15:09:29,768 [INFO] PluginManage:310 - Check plugin memorymap
2026-05-01 15:09:29,776 [INFO] PluginManage:359 - Loaded plugin memorymap (category:base,tabindex:4)
2026-05-01 15:09:29,776 [INFO] PluginManage:310 - Check plugin pinoutandconfiguration
2026-05-01 15:09:29,781 [INFO] PluginManage:359 - Loaded plugin pinoutandconfiguration (category:base,tabindex:1)
2026-05-01 15:09:29,781 [INFO] PluginManage:310 - Check plugin pinoutconfig
2026-05-01 15:09:29,833 [WARN] SupportedApi:132 - Cannot load RTOS API schema: s4s-elt-must-match.1: The content of 'definitions' must match (annotation?, (simpleType | complexType)?, (unique | key | keyref)*)). A problem was found starting at: attribute.
2026-05-01 15:09:29,908 [INFO] PluginManage:359 - Loaded plugin pinoutconfig (category:base,tabindex:0)
2026-05-01 15:09:29,908 [INFO] PluginManage:310 - Check plugin power
2026-05-01 15:09:29,913 [INFO] PluginManage:359 - Loaded plugin power (category:power,tabindex:4)
2026-05-01 15:09:29,913 [INFO] PluginManage:310 - Check plugin projectmanager
2026-05-01 15:09:29,924 [INFO] PluginManage:359 - Loaded plugin projectmanager (category:projectmanager,tabindex:4)
2026-05-01 15:09:29,924 [INFO] PluginManage:310 - Check plugin rif
2026-05-01 15:09:29,929 [INFO] PluginManage:359 - Loaded plugin rif (category:base,tabindex:3)
2026-05-01 15:09:29,929 [INFO] PluginManage:310 - Check plugin thirdparty
2026-05-01 15:09:30,004 [INFO] PluginManage:359 - Loaded plugin thirdparty (category:base,tabindex:-1)
2026-05-01 15:09:30,004 [WARN] IntegrityCheckThread:84 - waiting for thirdparty lock release [integrity check]
2026-05-01 15:09:30,004 [INFO] PluginManage:310 - Check plugin tools
2026-05-01 15:09:30,004 [INFO] IntegrityCheckThread:86 - entering critical section [integrity check]
2026-05-01 15:09:30,005 [INFO] ThirdPartyUpdaterWithRetryManager:70 - Updater plugin not ready yet. [1/15]
2026-05-01 15:09:30,006 [INFO] PluginManage:359 - Loaded plugin tools (category:base,tabindex:7)
2026-05-01 15:09:30,006 [INFO] PluginManage:310 - Check plugin tutovideos
2026-05-01 15:09:30,119 [INFO] PluginManage:359 - Loaded plugin tutovideos (category:base,tabindex:-1)
2026-05-01 15:09:30,119 [INFO] PluginManage:310 - Check plugin updater
2026-05-01 15:09:30,133 [INFO] PluginManage:359 - Loaded plugin updater (category:base,tabindex:12)
2026-05-01 15:09:30,133 [INFO] PluginManage:310 - Check plugin userauth
2026-05-01 15:09:30,135 [INFO] UserAuth:118 - Init User Auth plugin
2026-05-01 15:09:30,136 [INFO] PluginManage:359 - Loaded plugin userauth (category:base,tabindex:14)
2026-05-01 15:09:30,136 [INFO] PluginManage:283 - PluginManage : Loaded plugins [18]
2026-05-01 15:09:30,255 [INFO] PinOutPanel:1589 - setPackage(No Configuration,No Configuration)
2026-05-01 15:09:30,307 [INFO] CADModel:165 - CPN selected for project level
2026-05-01 15:09:30,308 [INFO] CADModel:114 - Register for checkConnection events
2026-05-01 15:09:30,317 [INFO] IPUIPlugin:80 - create IPUIPlugin
2026-05-01 15:09:30,317 [INFO] PluginManager:220 - loadIPPluginJar : add adc
2026-05-01 15:09:30,319 [INFO] IPUIPlugin:80 - create IPUIPlugin
2026-05-01 15:09:30,319 [INFO] PluginManager:220 - loadIPPluginJar : add aes
2026-05-01 15:09:30,321 [INFO] IPUIPlugin:80 - create IPUIPlugin
2026-05-01 15:09:30,321 [INFO] PluginManager:220 - loadIPPluginJar : add can
2026-05-01 15:09:30,322 [INFO] IPUIPlugin:80 - create IPUIPlugin
2026-05-01 15:09:30,322 [INFO] PluginManager:220 - loadIPPluginJar : add comp
2026-05-01 15:09:30,323 [INFO] IPUIPlugin:80 - create IPUIPlugin
2026-05-01 15:09:30,324 [INFO] PluginManager:220 - loadIPPluginJar : add cryp
2026-05-01 15:09:30,325 [INFO] IPUIPlugin:80 - create IPUIPlugin
2026-05-01 15:09:30,325 [INFO] PluginManager:220 - loadIPPluginJar : add ddr_ctrl_phy
2026-05-01 15:09:30,327 [INFO] IPUIPlugin:80 - create IPUIPlugin
2026-05-01 15:09:30,327 [INFO] PluginManager:220 - loadIPPluginJar : add dfsdm
2026-05-01 15:09:30,330 [INFO] IPUIPlugin:80 - create IPUIPlugin
2026-05-01 15:09:30,330 [INFO] PluginManager:220 - loadIPPluginJar : add dma
2026-05-01 15:09:30,332 [INFO] IPUIPlugin:80 - create IPUIPlugin
2026-05-01 15:09:30,332 [INFO] PluginManager:220 - loadIPPluginJar : add dma3
2026-05-01 15:09:30,333 [INFO] IPUIPlugin:80 - create IPUIPlugin
2026-05-01 15:09:30,333 [INFO] PluginManager:220 - loadIPPluginJar : add extmemmanager
2026-05-01 15:09:30,334 [INFO] IPUIPlugin:80 - create IPUIPlugin
2026-05-01 15:09:30,334 [INFO] PluginManager:220 - loadIPPluginJar : add fatfs
2026-05-01 15:09:30,337 [INFO] IPUIPlugin:80 - create IPUIPlugin
2026-05-01 15:09:30,337 [INFO] PluginManager:220 - loadIPPluginJar : add fmc
2026-05-01 15:09:30,340 [INFO] IPUIPlugin:80 - create IPUIPlugin
2026-05-01 15:09:30,340 [INFO] PluginManager:220 - loadIPPluginJar : add freertos
2026-05-01 15:09:30,341 [INFO] IPUIPlugin:80 - create IPUIPlugin
2026-05-01 15:09:30,341 [INFO] PluginManager:220 - loadIPPluginJar : add genericplugin
2026-05-01 15:09:30,342 [INFO] IPUIPlugin:80 - create IPUIPlugin
2026-05-01 15:09:30,343 [INFO] PluginManager:220 - loadIPPluginJar : add gfxmmu
2026-05-01 15:09:30,345 [INFO] IPUIPlugin:80 - create IPUIPlugin
2026-05-01 15:09:30,345 [INFO] PluginManager:220 - loadIPPluginJar : add gic
2026-05-01 15:09:30,347 [INFO] IPUIPlugin:80 - create IPUIPlugin
2026-05-01 15:09:30,348 [INFO] PluginManager:220 - loadIPPluginJar : add gpio
2026-05-01 15:09:30,349 [INFO] IPUIPlugin:80 - create IPUIPlugin
2026-05-01 15:09:30,349 [INFO] PluginManager:220 - loadIPPluginJar : add gtzc
2026-05-01 15:09:30,351 [INFO] IPUIPlugin:80 - create IPUIPlugin
2026-05-01 15:09:30,351 [INFO] PluginManager:220 - loadIPPluginJar : add hash
2026-05-01 15:09:30,352 [INFO] IPUIPlugin:80 - create IPUIPlugin
2026-05-01 15:09:30,352 [INFO] PluginManager:220 - loadIPPluginJar : add i2c
2026-05-01 15:09:30,354 [INFO] IPUIPlugin:80 - create IPUIPlugin
2026-05-01 15:09:30,354 [INFO] PluginManager:220 - loadIPPluginJar : add i2s
2026-05-01 15:09:30,356 [INFO] IPUIPlugin:80 - create IPUIPlugin
2026-05-01 15:09:30,356 [INFO] PluginManager:220 - loadIPPluginJar : add i3c
2026-05-01 15:09:30,358 [INFO] IPUIPlugin:80 - create IPUIPlugin
2026-05-01 15:09:30,358 [INFO] PluginManager:220 - loadIPPluginJar : add ipddr
2026-05-01 15:09:30,361 [INFO] IPUIPlugin:80 - create IPUIPlugin
2026-05-01 15:09:30,361 [INFO] PluginManager:220 - loadIPPluginJar : add linkedlist
2026-05-01 15:09:30,363 [INFO] IPUIPlugin:80 - create IPUIPlugin
2026-05-01 15:09:30,363 [INFO] PluginManager:220 - loadIPPluginJar : add lorawan
2026-05-01 15:09:30,364 [INFO] IPUIPlugin:80 - create IPUIPlugin
2026-05-01 15:09:30,364 [INFO] PluginManager:220 - loadIPPluginJar : add ltdc
2026-05-01 15:09:30,367 [INFO] IPUIPlugin:80 - create IPUIPlugin
2026-05-01 15:09:30,367 [INFO] PluginManager:220 - loadIPPluginJar : add mdma
2026-05-01 15:09:30,369 [INFO] IPUIPlugin:80 - create IPUIPlugin
2026-05-01 15:09:30,369 [INFO] PluginManager:220 - loadIPPluginJar : add nvic
2026-05-01 15:09:30,371 [INFO] IPUIPlugin:80 - create IPUIPlugin
2026-05-01 15:09:30,371 [INFO] PluginManager:220 - loadIPPluginJar : add opamp
2026-05-01 15:09:30,373 [INFO] IPUIPlugin:80 - create IPUIPlugin
2026-05-01 15:09:30,373 [INFO] PluginManager:220 - loadIPPluginJar : add openamp
2026-05-01 15:09:30,375 [INFO] IPUIPlugin:80 - create IPUIPlugin
2026-05-01 15:09:30,375 [INFO] PluginManager:220 - loadIPPluginJar : add pdm2pcm
2026-05-01 15:09:30,378 [INFO] IPUIPlugin:80 - create IPUIPlugin
2026-05-01 15:09:30,380 [INFO] PluginManager:220 - loadIPPluginJar : add plateformsettings
2026-05-01 15:09:30,381 [INFO] IPUIPlugin:80 - create IPUIPlugin
2026-05-01 15:09:30,381 [INFO] PluginManager:220 - loadIPPluginJar : add quadspi
2026-05-01 15:09:30,383 [INFO] IPUIPlugin:80 - create IPUIPlugin
2026-05-01 15:09:30,383 [INFO] PluginManager:220 - loadIPPluginJar : add radio
2026-05-01 15:09:30,385 [INFO] IPUIPlugin:80 - create IPUIPlugin
2026-05-01 15:09:30,385 [INFO] PluginManager:220 - loadIPPluginJar : add resmgrutility
2026-05-01 15:09:30,387 [INFO] IPUIPlugin:80 - create IPUIPlugin
2026-05-01 15:09:30,387 [INFO] PluginManager:220 - loadIPPluginJar : add sai
2026-05-01 15:09:30,389 [INFO] IPUIPlugin:80 - create IPUIPlugin
2026-05-01 15:09:30,389 [INFO] PluginManager:220 - loadIPPluginJar : add spi
2026-05-01 15:09:30,393 [INFO] IPUIPlugin:80 - create IPUIPlugin
2026-05-01 15:09:30,393 [INFO] PluginManager:220 - loadIPPluginJar : add stm32_wpan
2026-05-01 15:09:30,394 [INFO] IPUIPlugin:80 - create IPUIPlugin
2026-05-01 15:09:30,394 [INFO] PluginManager:220 - loadIPPluginJar : add tim
2026-05-01 15:09:30,396 [INFO] IPUIPlugin:80 - create IPUIPlugin
2026-05-01 15:09:30,396 [INFO] PluginManager:220 - loadIPPluginJar : add touchsensing
2026-05-01 15:09:30,397 [INFO] IPUIPlugin:80 - create IPUIPlugin
2026-05-01 15:09:30,397 [INFO] PluginManager:220 - loadIPPluginJar : add tracer_emb
2026-05-01 15:09:30,399 [INFO] IPUIPlugin:80 - create IPUIPlugin
2026-05-01 15:09:30,399 [INFO] PluginManager:220 - loadIPPluginJar : add ts
2026-05-01 15:09:30,400 [INFO] IPUIPlugin:80 - create IPUIPlugin
2026-05-01 15:09:30,400 [INFO] PluginManager:220 - loadIPPluginJar : add tsc
2026-05-01 15:09:30,401 [INFO] IPUIPlugin:80 - create IPUIPlugin
2026-05-01 15:09:30,401 [INFO] PluginManager:220 - loadIPPluginJar : add ucpd
2026-05-01 15:09:30,403 [INFO] IPUIPlugin:80 - create IPUIPlugin
2026-05-01 15:09:30,403 [INFO] PluginManager:220 - loadIPPluginJar : add usart
2026-05-01 15:09:30,404 [INFO] IPUIPlugin:80 - create IPUIPlugin
2026-05-01 15:09:30,405 [INFO] PluginManager:220 - loadIPPluginJar : add usbx
2026-05-01 15:09:30,512 [FATAL] Updater:351 - Updater called before beeing initialized
2026-05-01 15:09:30,528 [INFO] RulesReader:64 - Compatibility file has been processed (317 Rules)
2026-05-01 15:09:30,536 [INFO] RulesReader:64 - Compatibility file has been processed (317 Rules)
2026-05-01 15:09:30,540 [INFO] CADModel:165 - CPN selected for project level
2026-05-01 15:09:30,540 [INFO] CADModel:114 - Register for checkConnection events
2026-05-01 15:09:30,540 [FATAL] Updater:351 - Updater called before beeing initialized
2026-05-01 15:09:30,540 [ERROR] CADModel:125 - Updater not yet initialized, retry later 
2026-05-01 15:09:30,620 [FATAL] Updater:351 - Updater called before beeing initialized
2026-05-01 15:09:30,621 [INFO] CADModel:165 - CPN selected for project level
2026-05-01 15:09:30,621 [INFO] CADModel:114 - Register for checkConnection events
2026-05-01 15:09:30,621 [FATAL] Updater:351 - Updater called before beeing initialized
2026-05-01 15:09:30,621 [ERROR] CADModel:125 - Updater not yet initialized, retry later 
2026-05-01 15:09:30,623 [FATAL] Updater:351 - Updater called before beeing initialized
2026-05-01 15:09:30,690 [FATAL] Updater:351 - Updater called before beeing initialized
2026-05-01 15:09:30,693 [INFO] DbMcusAds:53 - JSON generation date=Mon Apr 27 09:14:29 BST 2026 (1777277669230)
2026-05-01 15:09:30,693 [FATAL] Updater:351 - Updater called before beeing initialized
2026-05-01 15:09:30,717 [WARN] DetailPanel:346 - Failed to get advertising image, set to default
2026-05-01 15:09:30,785 [FATAL] Updater:351 - Updater called before beeing initialized
2026-05-01 15:09:30,786 [FATAL] Updater:351 - Updater called before beeing initialized
2026-05-01 15:09:30,786 [FATAL] Updater:351 - Updater called before beeing initialized
2026-05-01 15:09:30,786 [WARN] DetailPanel:346 - Failed to get advertising image, set to default
2026-05-01 15:09:30,786 [FATAL] Updater:351 - Updater called before beeing initialized
2026-05-01 15:09:30,814 [ERROR] Updater:1198 - MainUpdater not yet initialized. External WinMGr cannot be set.
2026-05-01 15:09:30,815 [INFO] Updater:1134 - Updater Version found : 6.15.0
2026-05-01 15:09:30,825 [INFO] ApplicationProperties:184 - Using Application install path: D:\STM32\STM32CubeIDE_1.19.0\STM32CubeIDE\plugins\com.st.stm32cube.common.mx_6.15.0.202507011659
2026-05-01 15:09:32,387 [ERROR] LogOutputStream:75 - [STDERR_REDIRECT] May 01, 2026 3:09:32 PM java.util.prefs.WindowsPreferences <init>
2026-05-01 15:09:32,388 [ERROR] LogOutputStream:75 - [STDERR_REDIRECT] WARNING: Could not open/create prefs root node Software\JavaSoft\Prefs at root 0xffffffff80000002. Windows RegCreateKeyEx(...) returned error code 5.
2026-05-01 15:09:32,388 [ERROR] LogOutputStream:75 - [STDERR_REDIRECT] 
2026-05-01 15:09:32,638 [INFO] MainUpdater:2872 - connection check result : 10
2026-05-01 15:09:32,639 [INFO] MainUpdater:289 - Updater Check For Update Now.
2026-05-01 15:09:32,639 [INFO] MicroXplorer:498 - Change Database Version : DB.6.0.150
2026-05-01 15:09:32,642 [INFO] McuFinderGlobals:63 - Set McuFinder mode to 2 (CubeIDE integrated)
2026-05-01 15:09:32,642 [INFO] UserAuth:487 - Internet connection configuration mode: 1
2026-05-01 15:09:32,653 [INFO] JxBrowserEngine:152 - Initiate JxBrowser Engine with user profile folder
2026-05-01 15:09:32,800 [INFO] CheckServerUpdateThread:120 - End of CheckServer Thread
2026-05-01 15:09:33,057 [INFO] WebApp:169 - Instantiating new browser for Auth
2026-05-01 15:09:33,351 [WARN] PackLoader:240 - Cannot read IP mode file for STMicroelectronics.X-CUBE-AZRTOS-H7.3.5.0
2026-05-01 15:09:33,362 [WARN] PackLoader:240 - Cannot read IP mode file for STMicroelectronics.FP-ATR-ASTRA1.2.0.2
2026-05-01 15:09:33,368 [WARN] PackLoader:240 - Cannot read IP mode file for STMicroelectronics.X-CUBE-SMBUS.2.1.0
2026-05-01 15:09:33,384 [WARN] PackLoader:240 - Cannot read IP mode file for STMicroelectronics.X-CUBE-AZRTOS-F7.1.1.0
2026-05-01 15:09:33,392 [WARN] PackLoader:240 - Cannot read IP mode file for STMicroelectronics.FP-SNS-MOTENV1.5.1.0
2026-05-01 15:09:33,400 [WARN] PackLoader:240 - Cannot read IP mode file for WES.I-CUBE-Cesium.1.4.0
2026-05-01 15:09:33,406 [WARN] PackLoader:240 - Cannot read IP mode file for STMicroelectronics.X-CUBE-DISPLAY.3.0.0
2026-05-01 15:09:33,414 [WARN] PackLoader:240 - Cannot read IP mode file for STMicroelectronics.FP-SNS-MOTENVWB1.1.5.0
2026-05-01 15:09:33,419 [WARN] PackLoader:240 - Cannot read IP mode file for STMicroelectronics.X-CUBE-NFC10.1.0.0
2026-05-01 15:09:33,424 [WARN] PackLoader:240 - Cannot read IP mode file for STMicroelectronics.X-CUBE-ST60.1.1.0
2026-05-01 15:09:33,429 [WARN] PackLoader:240 - Cannot read IP mode file for emotas.I-CUBE-CANOPEN.1.3.0
2026-05-01 15:09:33,433 [WARN] PackLoader:240 - Cannot read IP mode file for STMicroelectronics.X-CUBE-GNSS1.7.1.0
2026-05-01 15:09:33,439 [WARN] PackLoader:240 - Cannot read IP mode file for STMicroelectronics.FP-SNS-STBOX1.2.1.0
2026-05-01 15:09:33,444 [WARN] PackLoader:240 - Cannot read IP mode file for STMicroelectronics.FP-SNS-SMARTAG2.1.2.0
2026-05-01 15:09:33,448 [WARN] PackLoader:240 - Cannot read IP mode file for STMicroelectronics.FP-SNS-FLIGHT1.5.1.0
2026-05-01 15:09:33,454 [INFO] LogOutputStream:77 - [STDOUT_REDIRECT] 1 : Invalid condition id : UX_CORESTACK_Condition cause : null
2026-05-01 15:09:33,455 [INFO] LogOutputStream:77 - [STDOUT_REDIRECT] 1 : Invalid condition id : UX_CORESTACK_Condition cause : null
2026-05-01 15:09:33,455 [INFO] LogOutputStream:77 - [STDOUT_REDIRECT] 1 : Invalid condition id : UX_CORESTACK_Condition cause : null
2026-05-01 15:09:33,456 [INFO] LogOutputStream:77 - [STDOUT_REDIRECT] 1 : Invalid condition id : UX_CORESTACK_Condition cause : null
2026-05-01 15:09:33,457 [INFO] LogOutputStream:77 - [STDOUT_REDIRECT] 1 : Invalid condition id : UX_CORESTACK_Condition cause : null
2026-05-01 15:09:33,459 [WARN] PackLoader:240 - Cannot read IP mode file for STMicroelectronics.X-CUBE-AZRTOS-WL.2.0.0
2026-05-01 15:09:33,473 [WARN] PackLoader:240 - Cannot read IP mode file for STMicroelectronics.X-CUBE-AZRTOS-H7RS.1.2.0
2026-05-01 15:09:33,479 [WARN] PackLoader:240 - Cannot read IP mode file for STMicroelectronics.X-CUBE-BLE2.3.3.0
2026-05-01 15:09:33,507 [WARN] PackLoader:240 - Cannot read IP mode file for Infineon.AIROC-Wi-Fi-Bluetooth-STM32.1.8.0
2026-05-01 15:09:33,519 [WARN] PackLoader:240 - Cannot read IP mode file for STMicroelectronics.X-CUBE-NFC9.1.0.0
2026-05-01 15:09:33,525 [WARN] PackLoader:240 - Cannot read IP mode file for STMicroelectronics.X-CUBE-BLE1.7.1.0
2026-05-01 15:09:33,529 [WARN] PackLoader:240 - Cannot read IP mode file for wolfSSL.I-CUBE-wolfMQTT.1.19.2
2026-05-01 15:09:33,534 [WARN] PackLoader:240 - Cannot read IP mode file for STMicroelectronics.X-CUBE-EEPRMA1.5.2.0
2026-05-01 15:09:33,539 [WARN] PackLoader:240 - Cannot read IP mode file for wolfSSL.I-CUBE-wolfSSL.5.8.4
2026-05-01 15:09:33,543 [WARN] PackLoader:240 - Cannot read IP mode file for STMicroelectronics.X-CUBE-AI.10.1.0
2026-05-01 15:09:33,587 [WARN] PackLoader:240 - Cannot read IP mode file for STMicroelectronics.FP-SNS-STAIOTCFT.1.1.0
2026-05-01 15:09:33,619 [WARN] PackLoader:240 - Cannot read IP mode file for STMicroelectronics.X-CUBE-MEMS1.12.0.0
2026-05-01 15:09:33,701 [WARN] PackLoader:240 - Cannot read IP mode file for STMicroelectronics.X-CUBE-AZRTOS-G0.1.1.0
2026-05-01 15:09:33,716 [WARN] PackLoader:240 - Cannot read IP mode file for STMicroelectronics.X-CUBE-NFC4.3.0.0
2026-05-01 15:09:33,726 [WARN] PackLoader:240 - Cannot read IP mode file for EmbeddedOffice.I-CUBE-FS-RTOS.1.0.1
2026-05-01 15:09:33,732 [WARN] PackLoader:240 - Cannot read IP mode file for wolfSSL.I-CUBE-wolfTPM.3.8.0
2026-05-01 15:09:33,738 [WARN] PackLoader:240 - Cannot read IP mode file for STMicroelectronics.X-CUBE-TCPP.4.2.0
2026-05-01 15:09:33,746 [WARN] PackLoader:240 - Cannot read IP mode file for RealThread.X-CUBE-RT-Thread_Nano.4.1.1
2026-05-01 15:09:33,751 [WARN] PackLoader:240 - Cannot read IP mode file for STMicroelectronics.FP-ATR-SIGFOX1.3.2.0
2026-05-01 15:09:33,757 [WARN] PackLoader:240 - Cannot read IP mode file for STMicroelectronics.X-CUBE-FREERTOS.1.5.0
2026-05-01 15:09:33,764 [WARN] PackLoader:240 - Cannot read IP mode file for ITTIA_DB.I-CUBE-ITTIADB.8.9.0
2026-05-01 15:09:33,768 [WARN] PackLoader:240 - Cannot read IP mode file for Cesanta.I-CUBE-Mongoose.7.21.0
2026-05-01 15:09:33,768 [INFO] WebApp:463 - Apply proxy settings
2026-05-01 15:09:33,769 [INFO] WebApp:548 - Chromium requires no authentication
2026-05-01 15:09:33,773 [WARN] PackLoader:240 - Cannot read IP mode file for STMicroelectronics.X-CUBE-NFC6.3.2.0
2026-05-01 15:09:33,774 [INFO] WebApp:491 - Direct internet connection detected
2026-05-01 15:09:33,778 [WARN] PackLoader:240 - Cannot read IP mode file for STMicroelectronics.X-CUBE-AI.10.2.0
2026-05-01 15:09:33,793 [INFO] WebApp:900 - Register for checkConnection events
2026-05-01 15:09:33,794 [INFO] WebApp:463 - Apply proxy settings
2026-05-01 15:09:33,794 [INFO] WebApp:548 - Chromium requires no authentication
2026-05-01 15:09:33,794 [INFO] WebApp:491 - Direct internet connection detected
2026-05-01 15:09:33,817 [WARN] PackLoader:240 - Cannot read IP mode file for SEGGER.I-CUBE-embOS.1.3.1
2026-05-01 15:09:33,850 [WARN] PackLoader:240 - Cannot read IP mode file for STMicroelectronics.X-CUBE-ALGOBUILD.1.4.0
2026-05-01 15:09:33,853 [WARN] PackLoader:240 - Cannot read IP mode file for STMicroelectronics.X-CUBE-PM33A1.1.0.0
2026-05-01 15:09:33,864 [WARN] PackLoader:240 - Cannot read IP mode file for STMicroelectronics.X-CUBE-AZRTOS-F4.1.1.0
2026-05-01 15:09:33,868 [WARN] PackLoader:240 - Cannot read IP mode file for STMicroelectronics.X-CUBE-ISPU.2.1.0
2026-05-01 15:09:33,891 [WARN] PackLoader:240 - Cannot read IP mode file for STMicroelectronics.X-CUBE-IPS.3.2.0
2026-05-01 15:09:33,900 [WARN] PackLoader:240 - Cannot read IP mode file for STMicroelectronics.eDS-WB_DPC_TT-BIDIR.2.1.1
2026-05-01 15:09:33,905 [WARN] PackLoader:240 - Cannot read IP mode file for STMicroelectronics.X-CUBE-NFC12.1.0.0
2026-05-01 15:09:33,920 [WARN] PackLoader:240 - Cannot read IP mode file for STMicroelectronics.X-CUBE-AZRTOS-L5.2.0.0
2026-05-01 15:09:33,925 [WARN] PackLoader:240 - Cannot read IP mode file for STMicroelectronics.eDS-WB_DPC_VIENNA.1.2.0
2026-05-01 15:09:33,928 [WARN] PackLoader:240 - Cannot read IP mode file for STMicroelectronics.eDS-WB_DPC_3PH2L-BIDIR.1.1.1
2026-05-01 15:09:33,930 [ERROR] Engine:466 - C:\Users\Karthe\.stm32cubemx\thirdparties\pdsc\STMicroelectronics.X-CUBE-ST67W61.1.3.0.pdsc: PDSC version is not supported
2026-05-01 15:09:33,933 [WARN] PackLoader:240 - Cannot read IP mode file for STMicroelectronics.X-CUBE-TOUCHGFX.4.26.1
2026-05-01 15:09:33,935 [WARN] PackLoader:240 - Cannot read IP mode file for STMicroelectronics.FP-SNS-STAIOTCFT.1.0.0
2026-05-01 15:09:33,938 [WARN] PackLoader:240 - Cannot read IP mode file for STMicroelectronics.X-CUBE-DPower.1.3.0
2026-05-01 15:09:33,944 [INFO] WebApp:225 - Starting web application
2026-05-01 15:09:33,944 [INFO] WebApp:593 - Web application path used D:\STM32\STM32CubeIDE_1.19.0\STM32CubeIDE\plugins\com.st.stm32cube.common.mx_6.15.0.202507011659\db\plugins\mcufinder\reactClient1\index.html
2026-05-01 15:09:33,948 [WARN] ConditionMgr:438 - getConditionDescription Invalid condition id : LAN8742 Phy interface Condition cause : null
2026-05-01 15:09:33,949 [WARN] PackLoader:240 - Cannot read IP mode file for STMicroelectronics.X-CUBE-AZRTOS-L4.2.0.0
2026-05-01 15:09:33,950 [WARN] ConditionMgr:1044 - genDependencies : Invalid condition id : LAN8742 Phy interface Condition cause : null
2026-05-01 15:09:33,950 [WARN] ConditionMgr:1044 - genDependencies : Invalid condition id : LAN8742 Phy interface Condition cause : null
2026-05-01 15:09:33,951 [WARN] ConditionMgr:1044 - genDependencies : Invalid condition id : LAN8742 Phy interface Condition cause : null
2026-05-01 15:09:33,957 [WARN] PackLoader:240 - Cannot read IP mode file for STMicroelectronics.X-CUBE-SFXS2LP1.4.0.0
2026-05-01 15:09:33,962 [WARN] PackLoader:240 - Cannot read IP mode file for STMicroelectronics.X-CUBE-WB05N.2.1.0
2026-05-01 15:09:33,968 [WARN] PackLoader:240 - Cannot read IP mode file for STMicroelectronics.X-CUBE-BLEMGR.4.1.0
2026-05-01 15:09:33,977 [WARN] ConditionMgr:438 - getConditionDescription Invalid condition id : UX DEVICE CLASS RTOS Condition cause : null
2026-05-01 15:09:33,977 [WARN] ConditionMgr:438 - getConditionDescription Invalid condition id : UX DEVICE CLASS RTOS Condition cause : null
2026-05-01 15:09:33,978 [WARN] PackLoader:240 - Cannot read IP mode file for STMicroelectronics.X-CUBE-AZRTOS-WB.2.0.0
2026-05-01 15:09:33,979 [WARN] ConditionMgr:1044 - genDependencies : Invalid condition id : UX DEVICE CLASS RTOS Condition cause : null
2026-05-01 15:09:33,979 [WARN] ConditionMgr:1044 - genDependencies : Invalid condition id : UX DEVICE CLASS RTOS Condition cause : null
2026-05-01 15:09:33,979 [WARN] ConditionMgr:1044 - genDependencies : Invalid condition id : UX DEVICE CLASS RTOS Condition cause : null
2026-05-01 15:09:33,979 [WARN] ConditionMgr:1044 - genDependencies : Invalid condition id : UX DEVICE CLASS RTOS Condition cause : null
2026-05-01 15:09:33,979 [WARN] ConditionMgr:1044 - genDependencies : Invalid condition id : UX DEVICE CLASS RTOS Condition cause : null
2026-05-01 15:09:33,985 [WARN] ConditionMgr:438 - getConditionDescription Invalid condition id : Cortex-A Device cause : null
2026-05-01 15:09:33,991 [WARN] ConditionMgr:1044 - genDependencies : Invalid condition id : Cortex-A Device cause : null
2026-05-01 15:09:33,991 [WARN] ConditionMgr:1044 - genDependencies : Invalid condition id : Cortex-A Device cause : null
2026-05-01 15:09:33,991 [WARN] ConditionMgr:1044 - genDependencies : Invalid condition id : Cortex-A Device cause : null
2026-05-01 15:09:33,996 [WARN] PackLoader:240 - Cannot read IP mode file for STMicroelectronics.X-CUBE-STSE01.2.0.0
2026-05-01 15:09:34,004 [WARN] PackLoader:240 - Cannot read IP mode file for STMicroelectronics.X-CUBE-SUBG2.5.0.0
2026-05-01 15:09:34,009 [INFO] UserAuth:487 - Internet connection configuration mode: 1
2026-05-01 15:09:34,016 [WARN] PackLoader:240 - Cannot read IP mode file for STMicroelectronics.X-CUBE-AZRTOS-G4.2.0.0
2026-05-01 15:09:34,021 [WARN] PackLoader:240 - Cannot read IP mode file for wolfSSL.I-CUBE-wolfSSH.1.4.20
2026-05-01 15:09:34,026 [WARN] PackLoader:240 - Cannot read IP mode file for STMicroelectronics.X-CUBE-NFC7.2.0.0
2026-05-01 15:09:34,031 [WARN] PackLoader:240 - Cannot read IP mode file for STMicroelectronics.X-CUBE-ALS.1.0.2
2026-05-01 15:09:34,048 [WARN] PackLoader:240 - Cannot read IP mode file for STMicroelectronics.X-CUBE-TOF1.3.4.3
2026-05-01 15:09:34,055 [INFO] ThirdParty:978 - Integrity check success = true
2026-05-01 15:09:34,056 [INFO] IntegrityCheckThread:100 - exiting critical section [integrity check]
2026-05-01 15:09:34,056 [INFO] IntegrityCheckThread:103 - End integrity checks thread
2026-05-01 15:09:34,107 [INFO] WebApp:191 - Connection restablished
2026-05-01 15:22:44,106 [INFO] McuFinderGlobals:63 - Set McuFinder mode to 2 (CubeIDE integrated)
2026-05-01 15:22:45,679 [INFO] MainUpdater:2872 - connection check result : 10
2026-05-01 15:22:45,687 [INFO] MainUpdater:2872 - connection check result : 10
2026-05-01 15:22:45,986 [INFO] MicroXplorer:468 - Change Database Path : 
2026-05-01 15:22:45,986 [INFO] MicroXplorer:498 - Change Database Version : DB.6.0.150
2026-05-01 15:22:45,990 [WARN] ThirdParty:871 - waiting for thirdparty lock release [close project]
2026-05-01 15:22:45,990 [INFO] ThirdParty:873 - entering critical section [close project]
2026-05-01 15:22:45,991 [INFO] ThirdParty:883 - exiting critical section [close project]
2026-05-01 15:22:45,993 [INFO] PinOutPanel:1589 - setPackage(No Configuration,No Configuration)
2026-05-01 15:22:45,994 [INFO] UtilMem:75 - Begin LoadConfig() Used Memory: 275235544 Bytes (374341632)
2026-05-01 15:22:46,001 [INFO] MicroXplorer:468 - Change Database Path : C:/Users/Karthe/.stm32cubemx/databases/DB.6.0.140/db/
2026-05-01 15:22:46,001 [INFO] MicroXplorer:498 - Change Database Version : DB.6.0.140
2026-05-01 18:26:31,276 [INFO] WebApp:194 - Connection lost
2026-05-01 18:26:31,355 [INFO] WebApp:191 - Connection restablished
2026-05-01 19:25:35,823 [ERROR] LogOutputStream:75 - [STDERR_REDIRECT] 
