2026-05-03 14:35:31,758 [INFO] Activator:176 - 


2026-05-03 14:35:31,781 [INFO] Activator:177 - !SESSION log4j initialized
2026-05-03 14:35:40,646 [INFO] LogOutputStream:77 - [STDOUT_REDIRECT] 
2026-05-03 14:35:42,511 [INFO] ApplicationProperties:184 - Using Application install path: D:\STM32\STM32CubeIDE_1.19.0\STM32CubeIDE\plugins\com.st.stm32cube.common.mx_6.15.0.202507011659
2026-05-03 14:35:42,607 [INFO] DbMcusXml:78 - Set database path to: D:\STM32\STM32CubeIDE_1.19.0\STM32CubeIDE\plugins\com.st.stm32cube.common.mx_6.15.0.202507011659\\db\/mcu/
2026-05-03 14:35:42,607 [INFO] ApiDb:274 - Set plugin database path to: D:\STM32\STM32CubeIDE_1.19.0\STM32CubeIDE\plugins\com.st.stm32cube.common.mx_6.15.0.202507011659\\db\/plugins/boardmanager/
2026-05-03 14:35:42,608 [WARN] ApiDb:259 - Overriding images path with different value:  => D:\STM32\STM32CubeIDE_1.19.0\STM32CubeIDE\plugins\com.st.stm32cube.common.mx_6.15.0.202507011659\\db\/plugins/mcufinder/images/
2026-05-03 14:35:42,626 [INFO] ApiDb:250 - Set database path to: C:\Users\Karthe\.stmcufinder\plugins\mcufinder//mcu/
2026-05-03 14:35:42,627 [INFO] DbMcusAds:125 - Set database path to: C:\Users\Karthe\.stmcufinder\plugins\mcufinder//mcu/
2026-05-03 14:35:42,629 [INFO] CrossReferenceDbSqlite:203 - Set database path to: C:\Users\Karthe\.stmcufinder\plugins\mcufinder//mcu/cs/
2026-05-03 14:35:42,796 [INFO] RulesReader:64 - Compatibility file has been processed (317 Rules)
2026-05-03 14:35:43,043 [INFO] DbMcusXml:78 - Set database path to: D:\STM32\STM32CubeIDE_1.19.0\STM32CubeIDE\plugins\com.st.stm32cube.common.mx_6.15.0.202507011659\\db\/mcu/
2026-05-03 14:35:43,043 [INFO] ApiDb:274 - Set plugin database path to: D:\STM32\STM32CubeIDE_1.19.0\STM32CubeIDE\plugins\com.st.stm32cube.common.mx_6.15.0.202507011659\\db\/plugins/boardmanager/
2026-05-03 14:35:43,044 [INFO] ApiDb:261 - Set plugin images path to: D:\STM32\STM32CubeIDE_1.19.0\STM32CubeIDE\plugins\com.st.stm32cube.common.mx_6.15.0.202507011659\\db\/plugins/mcufinder/images/
2026-05-03 14:35:43,044 [WARN] DbFile:41 - Overriding database path with different value: C:\Users\Karthe\.stmcufinder\plugins\mcufinder/ => C:\Users\Karthe\.stmcufinder\plugins\mcufinder
2026-05-03 14:35:43,044 [INFO] ApiDb:250 - Set database path to: C:\Users\Karthe\.stmcufinder\plugins\mcufinder//mcu/
2026-05-03 14:35:43,044 [WARN] DbFile:41 - Overriding database path with different value: C:\Users\Karthe\.stmcufinder\plugins\mcufinder/ => C:\Users\Karthe\.stmcufinder\plugins\mcufinder
2026-05-03 14:35:43,044 [INFO] DbMcusAds:125 - Set database path to: C:\Users\Karthe\.stmcufinder\plugins\mcufinder//mcu/
2026-05-03 14:35:43,044 [WARN] DbFile:41 - Overriding database path with different value: C:\Users\Karthe\.stmcufinder\plugins\mcufinder/ => C:\Users\Karthe\.stmcufinder\plugins\mcufinder
2026-05-03 14:35:43,044 [WARN] DbFile:41 - Overriding database path with different value: C:\Users\Karthe\.stmcufinder\plugins\mcufinder/ => C:\Users\Karthe\.stmcufinder\plugins\mcufinder
2026-05-03 14:35:43,044 [INFO] CrossReferenceDbSqlite:203 - Set database path to: C:\Users\Karthe\.stmcufinder\plugins\mcufinder//mcu/cs/
2026-05-03 14:35:43,306 [INFO] MainPanel:274 - HeapMemory: 268435456
2026-05-03 14:35:43,612 [INFO] DbMcusXml:78 - Set database path to: D:\STM32\STM32CubeIDE_1.19.0\STM32CubeIDE\plugins\com.st.stm32cube.common.mx_6.15.0.202507011659\\db\/mcu/
2026-05-03 14:35:43,612 [INFO] ApiDb:274 - Set plugin database path to: D:\STM32\STM32CubeIDE_1.19.0\STM32CubeIDE\plugins\com.st.stm32cube.common.mx_6.15.0.202507011659\\db\/plugins/boardmanager/
2026-05-03 14:35:43,612 [INFO] ApiDb:261 - Set plugin images path to: D:\STM32\STM32CubeIDE_1.19.0\STM32CubeIDE\plugins\com.st.stm32cube.common.mx_6.15.0.202507011659\\db\/plugins/mcufinder/images/
2026-05-03 14:35:43,612 [WARN] DbFile:41 - Overriding database path with different value: C:\Users\Karthe\.stmcufinder\plugins\mcufinder/ => C:\Users\Karthe\.stmcufinder\plugins\mcufinder
2026-05-03 14:35:43,612 [INFO] ApiDb:250 - Set database path to: C:\Users\Karthe\.stmcufinder\plugins\mcufinder//mcu/
2026-05-03 14:35:43,612 [WARN] DbFile:41 - Overriding database path with different value: C:\Users\Karthe\.stmcufinder\plugins\mcufinder/ => C:\Users\Karthe\.stmcufinder\plugins\mcufinder
2026-05-03 14:35:43,613 [INFO] DbMcusAds:125 - Set database path to: C:\Users\Karthe\.stmcufinder\plugins\mcufinder//mcu/
2026-05-03 14:35:43,613 [WARN] DbFile:41 - Overriding database path with different value: C:\Users\Karthe\.stmcufinder\plugins\mcufinder/ => C:\Users\Karthe\.stmcufinder\plugins\mcufinder
2026-05-03 14:35:43,613 [WARN] DbFile:41 - Overriding database path with different value: C:\Users\Karthe\.stmcufinder\plugins\mcufinder/ => C:\Users\Karthe\.stmcufinder\plugins\mcufinder
2026-05-03 14:35:43,613 [INFO] CrossReferenceDbSqlite:203 - Set database path to: C:\Users\Karthe\.stmcufinder\plugins\mcufinder//mcu/cs/
2026-05-03 14:35:43,646 [INFO] ApplicationProperties:184 - Using Application install path: D:\STM32\STM32CubeIDE_1.19.0\STM32CubeIDE\plugins\com.st.stm32cube.common.mx_6.15.0.202507011659
2026-05-03 14:35:43,646 [INFO] PluginManage:196 - Search for loadable plugins [exclusion list=, ]
2026-05-03 14:35:43,648 [INFO] PluginManage:310 - Check plugin analytics
2026-05-03 14:35:43,886 [INFO] AnalyticsPlugin:253 - Accepted Software Licenses: 
2026-05-03 14:35:43,886 [INFO] AnalyticsPlugin:255 - Accepted CMSIS Pack Licenses: STMicroelectronics.X-CUBE-AI.10.2.0,STMicroelectronics.X-CUBE-AI.10.1.0
2026-05-03 14:35:43,886 [INFO] AnalyticsPlugin:257 - Accepted Firmware Licenses: FW.F7.1.17.0
2026-05-03 14:35:43,888 [INFO] PluginManage:359 - Loaded plugin analytics (category:tool,tabindex:-1)
2026-05-03 14:35:43,888 [INFO] PluginManage:310 - Check plugin cadmodel
2026-05-03 14:35:43,926 [INFO] CADModel:105 - Init CAD model plugin
2026-05-03 14:35:43,926 [INFO] PluginManage:359 - Loaded plugin cadmodel (category:power,tabindex:5)
2026-05-03 14:35:43,926 [INFO] PluginManage:310 - Check plugin clock
2026-05-03 14:35:43,975 [INFO] PluginManage:359 - Loaded plugin clock (category:base,tabindex:2)
2026-05-03 14:35:43,975 [INFO] PluginManage:310 - Check plugin ddr
2026-05-03 14:35:43,998 [INFO] PluginManage:359 - Loaded plugin ddr (category:tool,tabindex:6)
2026-05-03 14:35:43,998 [INFO] PluginManage:310 - Check plugin filemanager
2026-05-03 14:35:44,327 [INFO] PluginManage:359 - Loaded plugin filemanager (category:base,tabindex:10)
2026-05-03 14:35:44,327 [INFO] PluginManage:310 - Check plugin ipmanager
2026-05-03 14:35:44,353 [INFO] PluginManage:359 - Loaded plugin ipmanager (category:base,tabindex:5)
2026-05-03 14:35:44,353 [INFO] PluginManage:310 - Check plugin lpbam
2026-05-03 14:35:44,397 [INFO] PluginManage:359 - Loaded plugin lpbam (category:base,tabindex:0)
2026-05-03 14:35:44,397 [INFO] PluginManage:310 - Check plugin memorymap
2026-05-03 14:35:44,430 [INFO] PluginManage:359 - Loaded plugin memorymap (category:base,tabindex:4)
2026-05-03 14:35:44,430 [INFO] PluginManage:310 - Check plugin pinoutandconfiguration
2026-05-03 14:35:44,438 [INFO] PluginManage:359 - Loaded plugin pinoutandconfiguration (category:base,tabindex:1)
2026-05-03 14:35:44,438 [INFO] PluginManage:310 - Check plugin pinoutconfig
2026-05-03 14:35:44,592 [WARN] SupportedApi:132 - Cannot load RTOS API schema: s4s-elt-must-match.1: The content of 'definitions' must match (annotation?, (simpleType | complexType)?, (unique | key | keyref)*)). A problem was found starting at: attribute.
2026-05-03 14:35:44,753 [INFO] PluginManage:359 - Loaded plugin pinoutconfig (category:base,tabindex:0)
2026-05-03 14:35:44,753 [INFO] PluginManage:310 - Check plugin power
2026-05-03 14:35:44,796 [INFO] PluginManage:359 - Loaded plugin power (category:power,tabindex:4)
2026-05-03 14:35:44,796 [INFO] PluginManage:310 - Check plugin projectmanager
2026-05-03 14:35:44,807 [INFO] PluginManage:359 - Loaded plugin projectmanager (category:projectmanager,tabindex:4)
2026-05-03 14:35:44,807 [INFO] PluginManage:310 - Check plugin rif
2026-05-03 14:35:44,859 [INFO] PluginManage:359 - Loaded plugin rif (category:base,tabindex:3)
2026-05-03 14:35:44,859 [INFO] PluginManage:310 - Check plugin thirdparty
2026-05-03 14:35:45,144 [INFO] PluginManage:359 - Loaded plugin thirdparty (category:base,tabindex:-1)
2026-05-03 14:35:45,144 [WARN] IntegrityCheckThread:84 - waiting for thirdparty lock release [integrity check]
2026-05-03 14:35:45,145 [INFO] PluginManage:310 - Check plugin tools
2026-05-03 14:35:45,145 [INFO] IntegrityCheckThread:86 - entering critical section [integrity check]
2026-05-03 14:35:45,145 [INFO] ThirdPartyUpdaterWithRetryManager:70 - Updater plugin not ready yet. [1/15]
2026-05-03 14:35:45,160 [INFO] PluginManage:359 - Loaded plugin tools (category:base,tabindex:7)
2026-05-03 14:35:45,160 [INFO] PluginManage:310 - Check plugin tutovideos
2026-05-03 14:35:45,504 [INFO] PluginManage:359 - Loaded plugin tutovideos (category:base,tabindex:-1)
2026-05-03 14:35:45,504 [INFO] PluginManage:310 - Check plugin updater
2026-05-03 14:35:45,539 [INFO] PluginManage:359 - Loaded plugin updater (category:base,tabindex:12)
2026-05-03 14:35:45,539 [INFO] PluginManage:310 - Check plugin userauth
2026-05-03 14:35:45,562 [INFO] UserAuth:118 - Init User Auth plugin
2026-05-03 14:35:45,562 [INFO] PluginManage:359 - Loaded plugin userauth (category:base,tabindex:14)
2026-05-03 14:35:45,563 [INFO] PluginManage:283 - PluginManage : Loaded plugins [18]
2026-05-03 14:35:46,035 [INFO] PinOutPanel:1589 - setPackage(No Configuration,No Configuration)
2026-05-03 14:35:46,160 [INFO] CADModel:165 - CPN selected for project level
2026-05-03 14:35:46,160 [INFO] CADModel:114 - Register for checkConnection events
2026-05-03 14:35:46,198 [INFO] IPUIPlugin:80 - create IPUIPlugin
2026-05-03 14:35:46,198 [INFO] PluginManager:220 - loadIPPluginJar : add adc
2026-05-03 14:35:46,211 [INFO] IPUIPlugin:80 - create IPUIPlugin
2026-05-03 14:35:46,211 [INFO] PluginManager:220 - loadIPPluginJar : add aes
2026-05-03 14:35:46,220 [INFO] IPUIPlugin:80 - create IPUIPlugin
2026-05-03 14:35:46,220 [INFO] PluginManager:220 - loadIPPluginJar : add can
2026-05-03 14:35:46,232 [INFO] IPUIPlugin:80 - create IPUIPlugin
2026-05-03 14:35:46,232 [INFO] PluginManager:220 - loadIPPluginJar : add comp
2026-05-03 14:35:46,234 [INFO] IPUIPlugin:80 - create IPUIPlugin
2026-05-03 14:35:46,234 [INFO] PluginManager:220 - loadIPPluginJar : add cryp
2026-05-03 14:35:46,258 [INFO] IPUIPlugin:80 - create IPUIPlugin
2026-05-03 14:35:46,258 [INFO] PluginManager:220 - loadIPPluginJar : add ddr_ctrl_phy
2026-05-03 14:35:46,260 [INFO] IPUIPlugin:80 - create IPUIPlugin
2026-05-03 14:35:46,260 [INFO] PluginManager:220 - loadIPPluginJar : add dfsdm
2026-05-03 14:35:46,264 [INFO] IPUIPlugin:80 - create IPUIPlugin
2026-05-03 14:35:46,265 [INFO] PluginManager:220 - loadIPPluginJar : add dma
2026-05-03 14:35:46,267 [INFO] IPUIPlugin:80 - create IPUIPlugin
2026-05-03 14:35:46,267 [INFO] PluginManager:220 - loadIPPluginJar : add dma3
2026-05-03 14:35:46,269 [INFO] IPUIPlugin:80 - create IPUIPlugin
2026-05-03 14:35:46,269 [INFO] PluginManager:220 - loadIPPluginJar : add extmemmanager
2026-05-03 14:35:46,270 [INFO] IPUIPlugin:80 - create IPUIPlugin
2026-05-03 14:35:46,270 [INFO] PluginManager:220 - loadIPPluginJar : add fatfs
2026-05-03 14:35:46,274 [INFO] IPUIPlugin:80 - create IPUIPlugin
2026-05-03 14:35:46,274 [INFO] PluginManager:220 - loadIPPluginJar : add fmc
2026-05-03 14:35:46,290 [INFO] IPUIPlugin:80 - create IPUIPlugin
2026-05-03 14:35:46,290 [INFO] PluginManager:220 - loadIPPluginJar : add freertos
2026-05-03 14:35:46,291 [INFO] IPUIPlugin:80 - create IPUIPlugin
2026-05-03 14:35:46,291 [INFO] PluginManager:220 - loadIPPluginJar : add genericplugin
2026-05-03 14:35:46,303 [INFO] IPUIPlugin:80 - create IPUIPlugin
2026-05-03 14:35:46,303 [INFO] PluginManager:220 - loadIPPluginJar : add gfxmmu
2026-05-03 14:35:46,307 [INFO] IPUIPlugin:80 - create IPUIPlugin
2026-05-03 14:35:46,307 [INFO] PluginManager:220 - loadIPPluginJar : add gic
2026-05-03 14:35:46,324 [INFO] IPUIPlugin:80 - create IPUIPlugin
2026-05-03 14:35:46,324 [INFO] PluginManager:220 - loadIPPluginJar : add gpio
2026-05-03 14:35:46,326 [INFO] IPUIPlugin:80 - create IPUIPlugin
2026-05-03 14:35:46,326 [INFO] PluginManager:220 - loadIPPluginJar : add gtzc
2026-05-03 14:35:46,328 [INFO] IPUIPlugin:80 - create IPUIPlugin
2026-05-03 14:35:46,328 [INFO] PluginManager:220 - loadIPPluginJar : add hash
2026-05-03 14:35:46,330 [INFO] IPUIPlugin:80 - create IPUIPlugin
2026-05-03 14:35:46,330 [INFO] PluginManager:220 - loadIPPluginJar : add i2c
2026-05-03 14:35:46,333 [INFO] IPUIPlugin:80 - create IPUIPlugin
2026-05-03 14:35:46,333 [INFO] PluginManager:220 - loadIPPluginJar : add i2s
2026-05-03 14:35:46,335 [INFO] IPUIPlugin:80 - create IPUIPlugin
2026-05-03 14:35:46,335 [INFO] PluginManager:220 - loadIPPluginJar : add i3c
2026-05-03 14:35:46,337 [INFO] IPUIPlugin:80 - create IPUIPlugin
2026-05-03 14:35:46,337 [INFO] PluginManager:220 - loadIPPluginJar : add ipddr
2026-05-03 14:35:46,358 [INFO] IPUIPlugin:80 - create IPUIPlugin
2026-05-03 14:35:46,358 [INFO] PluginManager:220 - loadIPPluginJar : add linkedlist
2026-05-03 14:35:46,360 [INFO] IPUIPlugin:80 - create IPUIPlugin
2026-05-03 14:35:46,360 [INFO] PluginManager:220 - loadIPPluginJar : add lorawan
2026-05-03 14:35:46,361 [INFO] IPUIPlugin:80 - create IPUIPlugin
2026-05-03 14:35:46,362 [INFO] PluginManager:220 - loadIPPluginJar : add ltdc
2026-05-03 14:35:46,365 [INFO] IPUIPlugin:80 - create IPUIPlugin
2026-05-03 14:35:46,365 [INFO] PluginManager:220 - loadIPPluginJar : add mdma
2026-05-03 14:35:46,368 [INFO] IPUIPlugin:80 - create IPUIPlugin
2026-05-03 14:35:46,368 [INFO] PluginManager:220 - loadIPPluginJar : add nvic
2026-05-03 14:35:46,370 [INFO] IPUIPlugin:80 - create IPUIPlugin
2026-05-03 14:35:46,370 [INFO] PluginManager:220 - loadIPPluginJar : add opamp
2026-05-03 14:35:46,373 [INFO] IPUIPlugin:80 - create IPUIPlugin
2026-05-03 14:35:46,373 [INFO] PluginManager:220 - loadIPPluginJar : add openamp
2026-05-03 14:35:46,375 [INFO] IPUIPlugin:80 - create IPUIPlugin
2026-05-03 14:35:46,375 [INFO] PluginManager:220 - loadIPPluginJar : add pdm2pcm
2026-05-03 14:35:46,379 [INFO] IPUIPlugin:80 - create IPUIPlugin
2026-05-03 14:35:46,381 [INFO] PluginManager:220 - loadIPPluginJar : add plateformsettings
2026-05-03 14:35:46,382 [INFO] IPUIPlugin:80 - create IPUIPlugin
2026-05-03 14:35:46,382 [INFO] PluginManager:220 - loadIPPluginJar : add quadspi
2026-05-03 14:35:46,384 [INFO] IPUIPlugin:80 - create IPUIPlugin
2026-05-03 14:35:46,384 [INFO] PluginManager:220 - loadIPPluginJar : add radio
2026-05-03 14:35:46,399 [INFO] IPUIPlugin:80 - create IPUIPlugin
2026-05-03 14:35:46,399 [INFO] PluginManager:220 - loadIPPluginJar : add resmgrutility
2026-05-03 14:35:46,407 [INFO] IPUIPlugin:80 - create IPUIPlugin
2026-05-03 14:35:46,407 [INFO] PluginManager:220 - loadIPPluginJar : add sai
2026-05-03 14:35:46,409 [INFO] IPUIPlugin:80 - create IPUIPlugin
2026-05-03 14:35:46,409 [INFO] PluginManager:220 - loadIPPluginJar : add spi
2026-05-03 14:35:46,418 [INFO] IPUIPlugin:80 - create IPUIPlugin
2026-05-03 14:35:46,418 [INFO] PluginManager:220 - loadIPPluginJar : add stm32_wpan
2026-05-03 14:35:46,419 [INFO] IPUIPlugin:80 - create IPUIPlugin
2026-05-03 14:35:46,419 [INFO] PluginManager:220 - loadIPPluginJar : add tim
2026-05-03 14:35:46,422 [INFO] IPUIPlugin:80 - create IPUIPlugin
2026-05-03 14:35:46,422 [INFO] PluginManager:220 - loadIPPluginJar : add touchsensing
2026-05-03 14:35:46,432 [INFO] IPUIPlugin:80 - create IPUIPlugin
2026-05-03 14:35:46,432 [INFO] PluginManager:220 - loadIPPluginJar : add tracer_emb
2026-05-03 14:35:46,433 [INFO] IPUIPlugin:80 - create IPUIPlugin
2026-05-03 14:35:46,433 [INFO] PluginManager:220 - loadIPPluginJar : add ts
2026-05-03 14:35:46,435 [INFO] IPUIPlugin:80 - create IPUIPlugin
2026-05-03 14:35:46,435 [INFO] PluginManager:220 - loadIPPluginJar : add tsc
2026-05-03 14:35:46,436 [INFO] IPUIPlugin:80 - create IPUIPlugin
2026-05-03 14:35:46,436 [INFO] PluginManager:220 - loadIPPluginJar : add ucpd
2026-05-03 14:35:46,438 [INFO] IPUIPlugin:80 - create IPUIPlugin
2026-05-03 14:35:46,438 [INFO] PluginManager:220 - loadIPPluginJar : add usart
2026-05-03 14:35:46,441 [INFO] IPUIPlugin:80 - create IPUIPlugin
2026-05-03 14:35:46,441 [INFO] PluginManager:220 - loadIPPluginJar : add usbx
2026-05-03 14:35:46,562 [FATAL] Updater:351 - Updater called before beeing initialized
2026-05-03 14:35:46,627 [INFO] RulesReader:64 - Compatibility file has been processed (317 Rules)
2026-05-03 14:35:46,634 [INFO] RulesReader:64 - Compatibility file has been processed (317 Rules)
2026-05-03 14:35:46,650 [INFO] CADModel:165 - CPN selected for project level
2026-05-03 14:35:46,650 [INFO] CADModel:114 - Register for checkConnection events
2026-05-03 14:35:46,650 [FATAL] Updater:351 - Updater called before beeing initialized
2026-05-03 14:35:46,650 [ERROR] CADModel:125 - Updater not yet initialized, retry later 
2026-05-03 14:35:46,980 [FATAL] Updater:351 - Updater called before beeing initialized
2026-05-03 14:35:47,010 [INFO] CADModel:165 - CPN selected for project level
2026-05-03 14:35:47,011 [INFO] CADModel:114 - Register for checkConnection events
2026-05-03 14:35:47,011 [FATAL] Updater:351 - Updater called before beeing initialized
2026-05-03 14:35:47,011 [ERROR] CADModel:125 - Updater not yet initialized, retry later 
2026-05-03 14:35:47,013 [FATAL] Updater:351 - Updater called before beeing initialized
2026-05-03 14:35:47,100 [FATAL] Updater:351 - Updater called before beeing initialized
2026-05-03 14:35:47,102 [INFO] DbMcusAds:53 - JSON generation date=Mon Apr 27 09:14:29 BST 2026 (1777277669683)
2026-05-03 14:35:47,103 [FATAL] Updater:351 - Updater called before beeing initialized
2026-05-03 14:35:47,240 [WARN] DetailPanel:346 - Failed to get advertising image, set to default
2026-05-03 14:35:47,345 [FATAL] Updater:351 - Updater called before beeing initialized
2026-05-03 14:35:47,346 [FATAL] Updater:351 - Updater called before beeing initialized
2026-05-03 14:35:47,346 [FATAL] Updater:351 - Updater called before beeing initialized
2026-05-03 14:35:47,346 [WARN] DetailPanel:346 - Failed to get advertising image, set to default
2026-05-03 14:35:47,346 [FATAL] Updater:351 - Updater called before beeing initialized
2026-05-03 14:35:47,412 [ERROR] Updater:1198 - MainUpdater not yet initialized. External WinMGr cannot be set.
2026-05-03 14:35:47,426 [INFO] Updater:1134 - Updater Version found : 6.15.0
2026-05-03 14:35:47,468 [INFO] ApplicationProperties:184 - Using Application install path: D:\STM32\STM32CubeIDE_1.19.0\STM32CubeIDE\plugins\com.st.stm32cube.common.mx_6.15.0.202507011659
2026-05-03 14:35:48,146 [INFO] ThirdPartyUpdaterWithRetryManager:70 - Updater plugin not ready yet. [2/15]
2026-05-03 14:35:49,075 [ERROR] LogOutputStream:75 - [STDERR_REDIRECT] May 03, 2026 2:35:49 PM java.util.prefs.WindowsPreferences <init>
2026-05-03 14:35:49,076 [ERROR] LogOutputStream:75 - [STDERR_REDIRECT] WARNING: Could not open/create prefs root node Software\JavaSoft\Prefs at root 0xffffffff80000002. Windows RegCreateKeyEx(...) returned error code 5.
2026-05-03 14:35:49,076 [ERROR] LogOutputStream:75 - [STDERR_REDIRECT] 
2026-05-03 14:35:49,912 [INFO] MainUpdater:2872 - connection check result : 10
2026-05-03 14:35:49,912 [INFO] MainUpdater:289 - Updater Check For Update Now.
2026-05-03 14:35:49,913 [INFO] MicroXplorer:498 - Change Database Version : DB.6.0.150
2026-05-03 17:02:44,425 [INFO] Activator:176 - 


2026-05-03 17:02:44,434 [INFO] Activator:177 - !SESSION log4j initialized
2026-05-03 17:02:51,684 [INFO] LogOutputStream:77 - [STDOUT_REDIRECT] 
2026-05-03 17:02:53,172 [INFO] ApplicationProperties:184 - Using Application install path: D:\STM32\STM32CubeIDE_1.19.0\STM32CubeIDE\plugins\com.st.stm32cube.common.mx_6.15.0.202507011659
2026-05-03 17:02:53,212 [INFO] DbMcusXml:78 - Set database path to: D:\STM32\STM32CubeIDE_1.19.0\STM32CubeIDE\plugins\com.st.stm32cube.common.mx_6.15.0.202507011659\\db\/mcu/
2026-05-03 17:02:53,212 [INFO] ApiDb:274 - Set plugin database path to: D:\STM32\STM32CubeIDE_1.19.0\STM32CubeIDE\plugins\com.st.stm32cube.common.mx_6.15.0.202507011659\\db\/plugins/boardmanager/
2026-05-03 17:02:53,212 [WARN] ApiDb:259 - Overriding images path with different value:  => D:\STM32\STM32CubeIDE_1.19.0\STM32CubeIDE\plugins\com.st.stm32cube.common.mx_6.15.0.202507011659\\db\/plugins/mcufinder/images/
2026-05-03 17:02:53,230 [INFO] ApiDb:250 - Set database path to: C:\Users\Karthe\.stmcufinder\plugins\mcufinder//mcu/
2026-05-03 17:02:53,230 [INFO] DbMcusAds:125 - Set database path to: C:\Users\Karthe\.stmcufinder\plugins\mcufinder//mcu/
2026-05-03 17:02:53,232 [INFO] CrossReferenceDbSqlite:203 - Set database path to: C:\Users\Karthe\.stmcufinder\plugins\mcufinder//mcu/cs/
2026-05-03 17:02:53,403 [INFO] RulesReader:64 - Compatibility file has been processed (317 Rules)
2026-05-03 17:02:53,576 [INFO] DbMcusXml:78 - Set database path to: D:\STM32\STM32CubeIDE_1.19.0\STM32CubeIDE\plugins\com.st.stm32cube.common.mx_6.15.0.202507011659\\db\/mcu/
2026-05-03 17:02:53,576 [INFO] ApiDb:274 - Set plugin database path to: D:\STM32\STM32CubeIDE_1.19.0\STM32CubeIDE\plugins\com.st.stm32cube.common.mx_6.15.0.202507011659\\db\/plugins/boardmanager/
2026-05-03 17:02:53,576 [INFO] ApiDb:261 - Set plugin images path to: D:\STM32\STM32CubeIDE_1.19.0\STM32CubeIDE\plugins\com.st.stm32cube.common.mx_6.15.0.202507011659\\db\/plugins/mcufinder/images/
2026-05-03 17:02:53,577 [WARN] DbFile:41 - Overriding database path with different value: C:\Users\Karthe\.stmcufinder\plugins\mcufinder/ => C:\Users\Karthe\.stmcufinder\plugins\mcufinder
2026-05-03 17:02:53,577 [INFO] ApiDb:250 - Set database path to: C:\Users\Karthe\.stmcufinder\plugins\mcufinder//mcu/
2026-05-03 17:02:53,577 [WARN] DbFile:41 - Overriding database path with different value: C:\Users\Karthe\.stmcufinder\plugins\mcufinder/ => C:\Users\Karthe\.stmcufinder\plugins\mcufinder
2026-05-03 17:02:53,577 [INFO] DbMcusAds:125 - Set database path to: C:\Users\Karthe\.stmcufinder\plugins\mcufinder//mcu/
2026-05-03 17:02:53,577 [WARN] DbFile:41 - Overriding database path with different value: C:\Users\Karthe\.stmcufinder\plugins\mcufinder/ => C:\Users\Karthe\.stmcufinder\plugins\mcufinder
2026-05-03 17:02:53,577 [WARN] DbFile:41 - Overriding database path with different value: C:\Users\Karthe\.stmcufinder\plugins\mcufinder/ => C:\Users\Karthe\.stmcufinder\plugins\mcufinder
2026-05-03 17:02:53,577 [INFO] CrossReferenceDbSqlite:203 - Set database path to: C:\Users\Karthe\.stmcufinder\plugins\mcufinder//mcu/cs/
2026-05-03 17:02:53,827 [INFO] MainPanel:274 - HeapMemory: 268435456
2026-05-03 17:02:54,165 [INFO] DbMcusXml:78 - Set database path to: D:\STM32\STM32CubeIDE_1.19.0\STM32CubeIDE\plugins\com.st.stm32cube.common.mx_6.15.0.202507011659\\db\/mcu/
2026-05-03 17:02:54,165 [INFO] ApiDb:274 - Set plugin database path to: D:\STM32\STM32CubeIDE_1.19.0\STM32CubeIDE\plugins\com.st.stm32cube.common.mx_6.15.0.202507011659\\db\/plugins/boardmanager/
2026-05-03 17:02:54,165 [INFO] ApiDb:261 - Set plugin images path to: D:\STM32\STM32CubeIDE_1.19.0\STM32CubeIDE\plugins\com.st.stm32cube.common.mx_6.15.0.202507011659\\db\/plugins/mcufinder/images/
2026-05-03 17:02:54,166 [WARN] DbFile:41 - Overriding database path with different value: C:\Users\Karthe\.stmcufinder\plugins\mcufinder/ => C:\Users\Karthe\.stmcufinder\plugins\mcufinder
2026-05-03 17:02:54,166 [INFO] ApiDb:250 - Set database path to: C:\Users\Karthe\.stmcufinder\plugins\mcufinder//mcu/
2026-05-03 17:02:54,166 [WARN] DbFile:41 - Overriding database path with different value: C:\Users\Karthe\.stmcufinder\plugins\mcufinder/ => C:\Users\Karthe\.stmcufinder\plugins\mcufinder
2026-05-03 17:02:54,166 [INFO] DbMcusAds:125 - Set database path to: C:\Users\Karthe\.stmcufinder\plugins\mcufinder//mcu/
2026-05-03 17:02:54,166 [WARN] DbFile:41 - Overriding database path with different value: C:\Users\Karthe\.stmcufinder\plugins\mcufinder/ => C:\Users\Karthe\.stmcufinder\plugins\mcufinder
2026-05-03 17:02:54,166 [WARN] DbFile:41 - Overriding database path with different value: C:\Users\Karthe\.stmcufinder\plugins\mcufinder/ => C:\Users\Karthe\.stmcufinder\plugins\mcufinder
2026-05-03 17:02:54,166 [INFO] CrossReferenceDbSqlite:203 - Set database path to: C:\Users\Karthe\.stmcufinder\plugins\mcufinder//mcu/cs/
2026-05-03 17:02:54,199 [INFO] ApplicationProperties:184 - Using Application install path: D:\STM32\STM32CubeIDE_1.19.0\STM32CubeIDE\plugins\com.st.stm32cube.common.mx_6.15.0.202507011659
2026-05-03 17:02:54,200 [INFO] PluginManage:196 - Search for loadable plugins [exclusion list=, ]
2026-05-03 17:02:54,201 [INFO] PluginManage:310 - Check plugin analytics
2026-05-03 17:02:54,355 [INFO] AnalyticsPlugin:253 - Accepted Software Licenses: 
2026-05-03 17:02:54,356 [INFO] AnalyticsPlugin:255 - Accepted CMSIS Pack Licenses: STMicroelectronics.X-CUBE-AI.10.2.0,STMicroelectronics.X-CUBE-AI.10.1.0
2026-05-03 17:02:54,356 [INFO] AnalyticsPlugin:257 - Accepted Firmware Licenses: FW.F7.1.17.0
2026-05-03 17:02:54,357 [INFO] PluginManage:359 - Loaded plugin analytics (category:tool,tabindex:-1)
2026-05-03 17:02:54,357 [INFO] PluginManage:310 - Check plugin cadmodel
2026-05-03 17:02:54,381 [INFO] CADModel:105 - Init CAD model plugin
2026-05-03 17:02:54,381 [INFO] PluginManage:359 - Loaded plugin cadmodel (category:power,tabindex:5)
2026-05-03 17:02:54,381 [INFO] PluginManage:310 - Check plugin clock
2026-05-03 17:02:54,395 [INFO] PluginManage:359 - Loaded plugin clock (category:base,tabindex:2)
2026-05-03 17:02:54,395 [INFO] PluginManage:310 - Check plugin ddr
2026-05-03 17:02:54,409 [INFO] PluginManage:359 - Loaded plugin ddr (category:tool,tabindex:6)
2026-05-03 17:02:54,409 [INFO] PluginManage:310 - Check plugin filemanager
2026-05-03 17:02:54,750 [INFO] PluginManage:359 - Loaded plugin filemanager (category:base,tabindex:10)
2026-05-03 17:02:54,750 [INFO] PluginManage:310 - Check plugin ipmanager
2026-05-03 17:02:54,755 [INFO] PluginManage:359 - Loaded plugin ipmanager (category:base,tabindex:5)
2026-05-03 17:02:54,755 [INFO] PluginManage:310 - Check plugin lpbam
2026-05-03 17:02:54,761 [INFO] PluginManage:359 - Loaded plugin lpbam (category:base,tabindex:0)
2026-05-03 17:02:54,761 [INFO] PluginManage:310 - Check plugin memorymap
2026-05-03 17:02:54,783 [INFO] PluginManage:359 - Loaded plugin memorymap (category:base,tabindex:4)
2026-05-03 17:02:54,783 [INFO] PluginManage:310 - Check plugin pinoutandconfiguration
2026-05-03 17:02:54,789 [INFO] PluginManage:359 - Loaded plugin pinoutandconfiguration (category:base,tabindex:1)
2026-05-03 17:02:54,789 [INFO] PluginManage:310 - Check plugin pinoutconfig
2026-05-03 17:02:54,911 [WARN] SupportedApi:132 - Cannot load RTOS API schema: s4s-elt-must-match.1: The content of 'definitions' must match (annotation?, (simpleType | complexType)?, (unique | key | keyref)*)). A problem was found starting at: attribute.
2026-05-03 17:02:55,030 [INFO] PluginManage:359 - Loaded plugin pinoutconfig (category:base,tabindex:0)
2026-05-03 17:02:55,030 [INFO] PluginManage:310 - Check plugin power
2026-05-03 17:02:55,065 [INFO] PluginManage:359 - Loaded plugin power (category:power,tabindex:4)
2026-05-03 17:02:55,065 [INFO] PluginManage:310 - Check plugin projectmanager
2026-05-03 17:02:55,076 [INFO] PluginManage:359 - Loaded plugin projectmanager (category:projectmanager,tabindex:4)
2026-05-03 17:02:55,076 [INFO] PluginManage:310 - Check plugin rif
2026-05-03 17:02:55,109 [INFO] PluginManage:359 - Loaded plugin rif (category:base,tabindex:3)
2026-05-03 17:02:55,113 [INFO] PluginManage:310 - Check plugin thirdparty
2026-05-03 17:02:55,314 [INFO] PluginManage:359 - Loaded plugin thirdparty (category:base,tabindex:-1)
2026-05-03 17:02:55,314 [WARN] IntegrityCheckThread:84 - waiting for thirdparty lock release [integrity check]
2026-05-03 17:02:55,315 [INFO] PluginManage:310 - Check plugin tools
2026-05-03 17:02:55,315 [INFO] IntegrityCheckThread:86 - entering critical section [integrity check]
2026-05-03 17:02:55,315 [INFO] ThirdPartyUpdaterWithRetryManager:70 - Updater plugin not ready yet. [1/15]
2026-05-03 17:02:55,316 [INFO] PluginManage:359 - Loaded plugin tools (category:base,tabindex:7)
2026-05-03 17:02:55,317 [INFO] PluginManage:310 - Check plugin tutovideos
2026-05-03 17:02:55,619 [INFO] PluginManage:359 - Loaded plugin tutovideos (category:base,tabindex:-1)
2026-05-03 17:02:55,619 [INFO] PluginManage:310 - Check plugin updater
2026-05-03 17:02:55,633 [INFO] PluginManage:359 - Loaded plugin updater (category:base,tabindex:12)
2026-05-03 17:02:55,633 [INFO] PluginManage:310 - Check plugin userauth
2026-05-03 17:02:55,648 [INFO] UserAuth:118 - Init User Auth plugin
2026-05-03 17:02:55,649 [INFO] PluginManage:359 - Loaded plugin userauth (category:base,tabindex:14)
2026-05-03 17:02:55,649 [INFO] PluginManage:283 - PluginManage : Loaded plugins [18]
2026-05-03 17:02:56,066 [INFO] PinOutPanel:1589 - setPackage(No Configuration,No Configuration)
2026-05-03 17:02:56,182 [INFO] CADModel:165 - CPN selected for project level
2026-05-03 17:02:56,182 [INFO] CADModel:114 - Register for checkConnection events
2026-05-03 17:02:56,194 [INFO] IPUIPlugin:80 - create IPUIPlugin
2026-05-03 17:02:56,194 [INFO] PluginManager:220 - loadIPPluginJar : add adc
2026-05-03 17:02:56,196 [INFO] IPUIPlugin:80 - create IPUIPlugin
2026-05-03 17:02:56,196 [INFO] PluginManager:220 - loadIPPluginJar : add aes
2026-05-03 17:02:56,198 [INFO] IPUIPlugin:80 - create IPUIPlugin
2026-05-03 17:02:56,198 [INFO] PluginManager:220 - loadIPPluginJar : add can
2026-05-03 17:02:56,199 [INFO] IPUIPlugin:80 - create IPUIPlugin
2026-05-03 17:02:56,199 [INFO] PluginManager:220 - loadIPPluginJar : add comp
2026-05-03 17:02:56,201 [INFO] IPUIPlugin:80 - create IPUIPlugin
2026-05-03 17:02:56,201 [INFO] PluginManager:220 - loadIPPluginJar : add cryp
2026-05-03 17:02:56,217 [INFO] IPUIPlugin:80 - create IPUIPlugin
2026-05-03 17:02:56,217 [INFO] PluginManager:220 - loadIPPluginJar : add ddr_ctrl_phy
2026-05-03 17:02:56,219 [INFO] IPUIPlugin:80 - create IPUIPlugin
2026-05-03 17:02:56,219 [INFO] PluginManager:220 - loadIPPluginJar : add dfsdm
2026-05-03 17:02:56,223 [INFO] IPUIPlugin:80 - create IPUIPlugin
2026-05-03 17:02:56,223 [INFO] PluginManager:220 - loadIPPluginJar : add dma
2026-05-03 17:02:56,225 [INFO] IPUIPlugin:80 - create IPUIPlugin
2026-05-03 17:02:56,225 [INFO] PluginManager:220 - loadIPPluginJar : add dma3
2026-05-03 17:02:56,227 [INFO] IPUIPlugin:80 - create IPUIPlugin
2026-05-03 17:02:56,227 [INFO] PluginManager:220 - loadIPPluginJar : add extmemmanager
2026-05-03 17:02:56,228 [INFO] IPUIPlugin:80 - create IPUIPlugin
2026-05-03 17:02:56,228 [INFO] PluginManager:220 - loadIPPluginJar : add fatfs
2026-05-03 17:02:56,231 [INFO] IPUIPlugin:80 - create IPUIPlugin
2026-05-03 17:02:56,231 [INFO] PluginManager:220 - loadIPPluginJar : add fmc
2026-05-03 17:02:56,234 [INFO] IPUIPlugin:80 - create IPUIPlugin
2026-05-03 17:02:56,235 [INFO] PluginManager:220 - loadIPPluginJar : add freertos
2026-05-03 17:02:56,236 [INFO] IPUIPlugin:80 - create IPUIPlugin
2026-05-03 17:02:56,236 [INFO] PluginManager:220 - loadIPPluginJar : add genericplugin
2026-05-03 17:02:56,237 [INFO] IPUIPlugin:80 - create IPUIPlugin
2026-05-03 17:02:56,237 [INFO] PluginManager:220 - loadIPPluginJar : add gfxmmu
2026-05-03 17:02:56,240 [INFO] IPUIPlugin:80 - create IPUIPlugin
2026-05-03 17:02:56,240 [INFO] PluginManager:220 - loadIPPluginJar : add gic
2026-05-03 17:02:56,243 [INFO] IPUIPlugin:80 - create IPUIPlugin
2026-05-03 17:02:56,243 [INFO] PluginManager:220 - loadIPPluginJar : add gpio
2026-05-03 17:02:56,245 [INFO] IPUIPlugin:80 - create IPUIPlugin
2026-05-03 17:02:56,245 [INFO] PluginManager:220 - loadIPPluginJar : add gtzc
2026-05-03 17:02:56,246 [INFO] IPUIPlugin:80 - create IPUIPlugin
2026-05-03 17:02:56,247 [INFO] PluginManager:220 - loadIPPluginJar : add hash
2026-05-03 17:02:56,248 [INFO] IPUIPlugin:80 - create IPUIPlugin
2026-05-03 17:02:56,248 [INFO] PluginManager:220 - loadIPPluginJar : add i2c
2026-05-03 17:02:56,250 [INFO] IPUIPlugin:80 - create IPUIPlugin
2026-05-03 17:02:56,250 [INFO] PluginManager:220 - loadIPPluginJar : add i2s
2026-05-03 17:02:56,252 [INFO] IPUIPlugin:80 - create IPUIPlugin
2026-05-03 17:02:56,252 [INFO] PluginManager:220 - loadIPPluginJar : add i3c
2026-05-03 17:02:56,263 [INFO] IPUIPlugin:80 - create IPUIPlugin
2026-05-03 17:02:56,263 [INFO] PluginManager:220 - loadIPPluginJar : add ipddr
2026-05-03 17:02:56,278 [INFO] IPUIPlugin:80 - create IPUIPlugin
2026-05-03 17:02:56,278 [INFO] PluginManager:220 - loadIPPluginJar : add linkedlist
2026-05-03 17:02:56,280 [INFO] IPUIPlugin:80 - create IPUIPlugin
2026-05-03 17:02:56,280 [INFO] PluginManager:220 - loadIPPluginJar : add lorawan
2026-05-03 17:02:56,281 [INFO] IPUIPlugin:80 - create IPUIPlugin
2026-05-03 17:02:56,281 [INFO] PluginManager:220 - loadIPPluginJar : add ltdc
2026-05-03 17:02:56,285 [INFO] IPUIPlugin:80 - create IPUIPlugin
2026-05-03 17:02:56,285 [INFO] PluginManager:220 - loadIPPluginJar : add mdma
2026-05-03 17:02:56,287 [INFO] IPUIPlugin:80 - create IPUIPlugin
2026-05-03 17:02:56,287 [INFO] PluginManager:220 - loadIPPluginJar : add nvic
2026-05-03 17:02:56,289 [INFO] IPUIPlugin:80 - create IPUIPlugin
2026-05-03 17:02:56,289 [INFO] PluginManager:220 - loadIPPluginJar : add opamp
2026-05-03 17:02:56,291 [INFO] IPUIPlugin:80 - create IPUIPlugin
2026-05-03 17:02:56,291 [INFO] PluginManager:220 - loadIPPluginJar : add openamp
2026-05-03 17:02:56,293 [INFO] IPUIPlugin:80 - create IPUIPlugin
2026-05-03 17:02:56,293 [INFO] PluginManager:220 - loadIPPluginJar : add pdm2pcm
2026-05-03 17:02:56,297 [INFO] IPUIPlugin:80 - create IPUIPlugin
2026-05-03 17:02:56,299 [INFO] PluginManager:220 - loadIPPluginJar : add plateformsettings
2026-05-03 17:02:56,300 [INFO] IPUIPlugin:80 - create IPUIPlugin
2026-05-03 17:02:56,300 [INFO] PluginManager:220 - loadIPPluginJar : add quadspi
2026-05-03 17:02:56,301 [INFO] IPUIPlugin:80 - create IPUIPlugin
2026-05-03 17:02:56,302 [INFO] PluginManager:220 - loadIPPluginJar : add radio
2026-05-03 17:02:56,304 [INFO] IPUIPlugin:80 - create IPUIPlugin
2026-05-03 17:02:56,304 [INFO] PluginManager:220 - loadIPPluginJar : add resmgrutility
2026-05-03 17:02:56,306 [INFO] IPUIPlugin:80 - create IPUIPlugin
2026-05-03 17:02:56,306 [INFO] PluginManager:220 - loadIPPluginJar : add sai
2026-05-03 17:02:56,307 [INFO] IPUIPlugin:80 - create IPUIPlugin
2026-05-03 17:02:56,307 [INFO] PluginManager:220 - loadIPPluginJar : add spi
2026-05-03 17:02:56,312 [INFO] IPUIPlugin:80 - create IPUIPlugin
2026-05-03 17:02:56,312 [INFO] PluginManager:220 - loadIPPluginJar : add stm32_wpan
2026-05-03 17:02:56,313 [INFO] IPUIPlugin:80 - create IPUIPlugin
2026-05-03 17:02:56,313 [INFO] PluginManager:220 - loadIPPluginJar : add tim
2026-05-03 17:02:56,315 [INFO] IPUIPlugin:80 - create IPUIPlugin
2026-05-03 17:02:56,315 [INFO] PluginManager:220 - loadIPPluginJar : add touchsensing
2026-05-03 17:02:56,316 [INFO] IPUIPlugin:80 - create IPUIPlugin
2026-05-03 17:02:56,316 [INFO] PluginManager:220 - loadIPPluginJar : add tracer_emb
2026-05-03 17:02:56,317 [INFO] IPUIPlugin:80 - create IPUIPlugin
2026-05-03 17:02:56,317 [INFO] PluginManager:220 - loadIPPluginJar : add ts
2026-05-03 17:02:56,318 [INFO] IPUIPlugin:80 - create IPUIPlugin
2026-05-03 17:02:56,318 [INFO] PluginManager:220 - loadIPPluginJar : add tsc
2026-05-03 17:02:56,320 [INFO] IPUIPlugin:80 - create IPUIPlugin
2026-05-03 17:02:56,320 [INFO] PluginManager:220 - loadIPPluginJar : add ucpd
2026-05-03 17:02:56,321 [INFO] IPUIPlugin:80 - create IPUIPlugin
2026-05-03 17:02:56,321 [INFO] PluginManager:220 - loadIPPluginJar : add usart
2026-05-03 17:02:56,323 [INFO] IPUIPlugin:80 - create IPUIPlugin
2026-05-03 17:02:56,323 [INFO] PluginManager:220 - loadIPPluginJar : add usbx
2026-05-03 17:02:56,431 [FATAL] Updater:351 - Updater called before beeing initialized
2026-05-03 17:02:56,455 [INFO] RulesReader:64 - Compatibility file has been processed (317 Rules)
2026-05-03 17:02:56,463 [INFO] RulesReader:64 - Compatibility file has been processed (317 Rules)
2026-05-03 17:02:56,467 [INFO] CADModel:165 - CPN selected for project level
2026-05-03 17:02:56,467 [INFO] CADModel:114 - Register for checkConnection events
2026-05-03 17:02:56,467 [FATAL] Updater:351 - Updater called before beeing initialized
2026-05-03 17:02:56,468 [ERROR] CADModel:125 - Updater not yet initialized, retry later 
2026-05-03 17:02:56,707 [FATAL] Updater:351 - Updater called before beeing initialized
2026-05-03 17:02:56,741 [INFO] CADModel:165 - CPN selected for project level
2026-05-03 17:02:56,742 [INFO] CADModel:114 - Register for checkConnection events
2026-05-03 17:02:56,742 [FATAL] Updater:351 - Updater called before beeing initialized
2026-05-03 17:02:56,742 [ERROR] CADModel:125 - Updater not yet initialized, retry later 
2026-05-03 17:02:56,745 [FATAL] Updater:351 - Updater called before beeing initialized
2026-05-03 17:02:56,837 [FATAL] Updater:351 - Updater called before beeing initialized
2026-05-03 17:02:56,840 [INFO] DbMcusAds:53 - JSON generation date=Mon Apr 27 09:14:29 BST 2026 (1777277669683)
2026-05-03 17:02:56,840 [FATAL] Updater:351 - Updater called before beeing initialized
2026-05-03 17:02:56,925 [WARN] DetailPanel:346 - Failed to get advertising image, set to default
2026-05-03 17:02:57,017 [FATAL] Updater:351 - Updater called before beeing initialized
2026-05-03 17:02:57,018 [FATAL] Updater:351 - Updater called before beeing initialized
2026-05-03 17:02:57,018 [FATAL] Updater:351 - Updater called before beeing initialized
2026-05-03 17:02:57,018 [WARN] DetailPanel:346 - Failed to get advertising image, set to default
2026-05-03 17:02:57,019 [FATAL] Updater:351 - Updater called before beeing initialized
2026-05-03 17:02:57,074 [ERROR] Updater:1198 - MainUpdater not yet initialized. External WinMGr cannot be set.
2026-05-03 17:02:57,087 [INFO] Updater:1134 - Updater Version found : 6.15.0
2026-05-03 17:02:57,097 [INFO] ApplicationProperties:184 - Using Application install path: D:\STM32\STM32CubeIDE_1.19.0\STM32CubeIDE\plugins\com.st.stm32cube.common.mx_6.15.0.202507011659
2026-05-03 17:02:58,327 [INFO] ThirdPartyUpdaterWithRetryManager:70 - Updater plugin not ready yet. [2/15]
2026-05-03 17:02:58,713 [ERROR] LogOutputStream:75 - [STDERR_REDIRECT] May 03, 2026 5:02:58 PM java.util.prefs.WindowsPreferences <init>
2026-05-03 17:02:58,714 [ERROR] LogOutputStream:75 - [STDERR_REDIRECT] WARNING: Could not open/create prefs root node Software\JavaSoft\Prefs at root 0xffffffff80000002. Windows RegCreateKeyEx(...) returned error code 5.
2026-05-03 17:02:58,715 [ERROR] LogOutputStream:75 - [STDERR_REDIRECT] 
2026-05-03 17:02:58,980 [INFO] MainUpdater:2872 - connection check result : 10
2026-05-03 17:02:58,980 [INFO] MainUpdater:289 - Updater Check For Update Now.
2026-05-03 17:02:58,980 [INFO] MicroXplorer:498 - Change Database Version : DB.6.0.150
2026-05-03 17:02:58,993 [INFO] McuFinderGlobals:63 - Set McuFinder mode to 2 (CubeIDE integrated)
2026-05-03 17:02:58,994 [INFO] UserAuth:487 - Internet connection configuration mode: 1
2026-05-03 17:02:59,101 [INFO] JxBrowserEngine:152 - Initiate JxBrowser Engine with user profile folder
2026-05-03 17:02:59,212 [INFO] CheckServerUpdateThread:120 - End of CheckServer Thread
2026-05-03 17:03:00,776 [INFO] WebApp:169 - Instantiating new browser for Auth
2026-05-03 17:03:01,369 [INFO] WebApp:463 - Apply proxy settings
2026-05-03 17:03:01,369 [INFO] WebApp:548 - Chromium requires no authentication
2026-05-03 17:03:01,377 [INFO] WebApp:491 - Direct internet connection detected
2026-05-03 17:03:01,394 [INFO] WebApp:900 - Register for checkConnection events
2026-05-03 17:03:01,394 [INFO] WebApp:463 - Apply proxy settings
2026-05-03 17:03:01,394 [INFO] WebApp:548 - Chromium requires no authentication
2026-05-03 17:03:01,394 [INFO] WebApp:491 - Direct internet connection detected
2026-05-03 17:03:01,560 [INFO] WebApp:225 - Starting web application
2026-05-03 17:03:01,560 [INFO] WebApp:593 - Web application path used D:\STM32\STM32CubeIDE_1.19.0\STM32CubeIDE\plugins\com.st.stm32cube.common.mx_6.15.0.202507011659\db\plugins\mcufinder\reactClient1\index.html
2026-05-03 17:03:01,574 [WARN] PackLoader:240 - Cannot read IP mode file for STMicroelectronics.X-CUBE-AZRTOS-H7.3.5.0
2026-05-03 17:03:01,600 [WARN] PackLoader:240 - Cannot read IP mode file for STMicroelectronics.FP-ATR-ASTRA1.2.0.2
2026-05-03 17:03:01,607 [WARN] PackLoader:240 - Cannot read IP mode file for STMicroelectronics.X-CUBE-SMBUS.2.1.0
2026-05-03 17:03:01,623 [WARN] PackLoader:240 - Cannot read IP mode file for STMicroelectronics.X-CUBE-AZRTOS-F7.1.1.0
2026-05-03 17:03:01,630 [WARN] PackLoader:240 - Cannot read IP mode file for STMicroelectronics.FP-SNS-MOTENV1.5.1.0
2026-05-03 17:03:01,637 [WARN] PackLoader:240 - Cannot read IP mode file for WES.I-CUBE-Cesium.1.4.0
2026-05-03 17:03:01,645 [WARN] PackLoader:240 - Cannot read IP mode file for STMicroelectronics.X-CUBE-DISPLAY.3.0.0
2026-05-03 17:03:01,657 [WARN] PackLoader:240 - Cannot read IP mode file for STMicroelectronics.X-CUBE-GNSS1.7.1.1
2026-05-03 17:03:01,662 [WARN] PackLoader:240 - Cannot read IP mode file for STMicroelectronics.FP-SNS-MOTENVWB1.1.5.0
2026-05-03 17:03:01,668 [WARN] PackLoader:240 - Cannot read IP mode file for STMicroelectronics.X-CUBE-NFC10.1.0.0
2026-05-03 17:03:01,674 [WARN] PackLoader:240 - Cannot read IP mode file for STMicroelectronics.X-CUBE-ST60.1.1.0
2026-05-03 17:03:01,681 [WARN] PackLoader:240 - Cannot read IP mode file for emotas.I-CUBE-CANOPEN.1.3.0
2026-05-03 17:03:01,686 [WARN] PackLoader:240 - Cannot read IP mode file for STMicroelectronics.X-CUBE-GNSS1.7.1.0
2026-05-03 17:03:01,693 [WARN] PackLoader:240 - Cannot read IP mode file for STMicroelectronics.FP-SNS-STBOX1.2.1.0
2026-05-03 17:03:01,702 [WARN] PackLoader:240 - Cannot read IP mode file for STMicroelectronics.FP-SNS-SMARTAG2.1.2.0
2026-05-03 17:03:01,706 [WARN] PackLoader:240 - Cannot read IP mode file for STMicroelectronics.FP-SNS-FLIGHT1.5.1.0
2026-05-03 17:03:01,722 [INFO] LogOutputStream:77 - [STDOUT_REDIRECT] 1 : Invalid condition id : UX_CORESTACK_Condition cause : null
2026-05-03 17:03:01,722 [INFO] LogOutputStream:77 - [STDOUT_REDIRECT] 1 : Invalid condition id : UX_CORESTACK_Condition cause : null
2026-05-03 17:03:01,724 [INFO] LogOutputStream:77 - [STDOUT_REDIRECT] 1 : Invalid condition id : UX_CORESTACK_Condition cause : null
2026-05-03 17:03:01,725 [INFO] LogOutputStream:77 - [STDOUT_REDIRECT] 1 : Invalid condition id : UX_CORESTACK_Condition cause : null
2026-05-03 17:03:01,726 [INFO] LogOutputStream:77 - [STDOUT_REDIRECT] 1 : Invalid condition id : UX_CORESTACK_Condition cause : null
2026-05-03 17:03:01,729 [WARN] PackLoader:240 - Cannot read IP mode file for STMicroelectronics.X-CUBE-AZRTOS-WL.2.0.0
2026-05-03 17:03:01,734 [INFO] WebApp:191 - Connection restablished
2026-05-03 17:03:01,747 [WARN] PackLoader:240 - Cannot read IP mode file for STMicroelectronics.X-CUBE-AZRTOS-H7RS.1.2.0
2026-05-03 17:03:01,755 [WARN] PackLoader:240 - Cannot read IP mode file for STMicroelectronics.X-CUBE-BLE2.3.3.0
2026-05-03 17:03:01,784 [WARN] PackLoader:240 - Cannot read IP mode file for Infineon.AIROC-Wi-Fi-Bluetooth-STM32.1.8.0
2026-05-03 17:03:01,796 [WARN] PackLoader:240 - Cannot read IP mode file for STMicroelectronics.X-CUBE-NFC9.1.0.0
2026-05-03 17:03:01,801 [WARN] PackLoader:240 - Cannot read IP mode file for STMicroelectronics.X-CUBE-BLE1.7.1.0
2026-05-03 17:03:01,806 [WARN] PackLoader:240 - Cannot read IP mode file for wolfSSL.I-CUBE-wolfMQTT.1.19.2
2026-05-03 17:03:01,809 [INFO] UserAuth:487 - Internet connection configuration mode: 1
2026-05-03 17:03:01,813 [WARN] PackLoader:240 - Cannot read IP mode file for STMicroelectronics.X-CUBE-EEPRMA1.5.2.0
2026-05-03 17:03:01,819 [WARN] PackLoader:240 - Cannot read IP mode file for wolfSSL.I-CUBE-wolfSSL.5.8.4
2026-05-03 17:03:01,827 [WARN] PackLoader:240 - Cannot read IP mode file for STMicroelectronics.X-CUBE-AI.10.1.0
2026-05-03 17:03:01,917 [WARN] PackLoader:240 - Cannot read IP mode file for STMicroelectronics.FP-SNS-STAIOTCFT.1.1.0
2026-05-03 17:03:01,948 [WARN] PackLoader:240 - Cannot read IP mode file for STMicroelectronics.X-CUBE-MEMS1.12.0.0
2026-05-03 17:03:02,115 [WARN] PackLoader:240 - Cannot read IP mode file for STMicroelectronics.X-CUBE-AZRTOS-G0.1.1.0
2026-05-03 17:03:02,155 [WARN] PackLoader:240 - Cannot read IP mode file for STMicroelectronics.X-CUBE-NFC4.3.0.0
2026-05-03 17:03:02,191 [WARN] PackLoader:240 - Cannot read IP mode file for EmbeddedOffice.I-CUBE-FS-RTOS.1.0.1
2026-05-03 17:03:02,202 [WARN] PackLoader:240 - Cannot read IP mode file for wolfSSL.I-CUBE-wolfTPM.3.8.0
2026-05-03 17:03:02,305 [WARN] PackLoader:240 - Cannot read IP mode file for STMicroelectronics.X-CUBE-TCPP.4.2.0
2026-05-03 17:03:02,438 [WARN] PackLoader:240 - Cannot read IP mode file for RealThread.X-CUBE-RT-Thread_Nano.4.1.1
2026-05-03 17:03:02,503 [WARN] PackLoader:240 - Cannot read IP mode file for STMicroelectronics.FP-ATR-SIGFOX1.3.2.0
2026-05-03 17:03:02,566 [WARN] PackLoader:240 - Cannot read IP mode file for STMicroelectronics.X-CUBE-FREERTOS.1.5.0
2026-05-03 17:03:02,604 [WARN] PackLoader:240 - Cannot read IP mode file for ITTIA_DB.I-CUBE-ITTIADB.8.9.0
2026-05-03 17:03:02,609 [WARN] PackLoader:240 - Cannot read IP mode file for Cesanta.I-CUBE-Mongoose.7.21.0
2026-05-03 17:03:02,615 [WARN] PackLoader:240 - Cannot read IP mode file for STMicroelectronics.X-CUBE-NFC6.3.2.0
2026-05-03 17:03:02,621 [WARN] PackLoader:240 - Cannot read IP mode file for STMicroelectronics.X-CUBE-AI.10.2.0
2026-05-03 17:03:02,675 [WARN] PackLoader:240 - Cannot read IP mode file for STMicroelectronics.X-CUBE-MEMS1.12.1.0
2026-05-03 17:03:02,731 [WARN] PackLoader:240 - Cannot read IP mode file for SEGGER.I-CUBE-embOS.1.3.1
2026-05-03 17:03:02,754 [WARN] PackLoader:240 - Cannot read IP mode file for STMicroelectronics.X-CUBE-ALGOBUILD.1.4.0
2026-05-03 17:03:02,758 [WARN] PackLoader:240 - Cannot read IP mode file for STMicroelectronics.X-CUBE-PM33A1.1.0.0
2026-05-03 17:03:02,771 [WARN] PackLoader:240 - Cannot read IP mode file for STMicroelectronics.X-CUBE-AZRTOS-F4.1.1.0
2026-05-03 17:03:02,776 [WARN] PackLoader:240 - Cannot read IP mode file for STMicroelectronics.X-CUBE-ISPU.2.1.0
2026-05-03 17:03:02,783 [WARN] PackLoader:240 - Cannot read IP mode file for STMicroelectronics.X-CUBE-IPS.3.2.0
2026-05-03 17:03:02,792 [WARN] PackLoader:240 - Cannot read IP mode file for STMicroelectronics.eDS-WB_DPC_TT-BIDIR.2.1.1
2026-05-03 17:03:02,796 [WARN] PackLoader:240 - Cannot read IP mode file for STMicroelectronics.X-CUBE-NFC12.1.0.0
2026-05-03 17:03:02,808 [WARN] PackLoader:240 - Cannot read IP mode file for STMicroelectronics.X-CUBE-AZRTOS-L5.2.0.0
2026-05-03 17:03:02,813 [WARN] PackLoader:240 - Cannot read IP mode file for STMicroelectronics.eDS-WB_DPC_VIENNA.1.2.0
2026-05-03 17:03:02,816 [WARN] PackLoader:240 - Cannot read IP mode file for STMicroelectronics.eDS-WB_DPC_3PH2L-BIDIR.1.1.1
2026-05-03 17:03:02,819 [ERROR] Engine:466 - C:\Users\Karthe\.stm32cubemx\thirdparties\pdsc\STMicroelectronics.X-CUBE-ST67W61.1.3.0.pdsc: PDSC version is not supported
2026-05-03 17:03:02,823 [WARN] PackLoader:240 - Cannot read IP mode file for STMicroelectronics.X-CUBE-TOUCHGFX.4.26.1
2026-05-03 17:03:02,827 [WARN] PackLoader:240 - Cannot read IP mode file for STMicroelectronics.FP-SNS-STAIOTCFT.1.0.0
2026-05-03 17:03:02,830 [WARN] PackLoader:240 - Cannot read IP mode file for STMicroelectronics.X-CUBE-DPower.1.3.0
2026-05-03 17:03:02,842 [WARN] ConditionMgr:438 - getConditionDescription Invalid condition id : LAN8742 Phy interface Condition cause : null
2026-05-03 17:03:02,842 [WARN] PackLoader:240 - Cannot read IP mode file for STMicroelectronics.X-CUBE-AZRTOS-L4.2.0.0
2026-05-03 17:03:02,843 [WARN] ConditionMgr:1044 - genDependencies : Invalid condition id : LAN8742 Phy interface Condition cause : null
2026-05-03 17:03:02,843 [WARN] ConditionMgr:1044 - genDependencies : Invalid condition id : LAN8742 Phy interface Condition cause : null
2026-05-03 17:03:02,844 [WARN] ConditionMgr:1044 - genDependencies : Invalid condition id : LAN8742 Phy interface Condition cause : null
2026-05-03 17:03:02,849 [WARN] PackLoader:240 - Cannot read IP mode file for STMicroelectronics.X-CUBE-SFXS2LP1.4.0.0
2026-05-03 17:03:02,855 [WARN] PackLoader:240 - Cannot read IP mode file for STMicroelectronics.X-CUBE-WB05N.2.1.0
2026-05-03 17:03:02,861 [WARN] PackLoader:240 - Cannot read IP mode file for STMicroelectronics.X-CUBE-BLEMGR.4.1.0
2026-05-03 17:03:02,870 [WARN] ConditionMgr:438 - getConditionDescription Invalid condition id : UX DEVICE CLASS RTOS Condition cause : null
2026-05-03 17:03:02,870 [WARN] ConditionMgr:438 - getConditionDescription Invalid condition id : UX DEVICE CLASS RTOS Condition cause : null
2026-05-03 17:03:02,871 [WARN] PackLoader:240 - Cannot read IP mode file for STMicroelectronics.X-CUBE-AZRTOS-WB.2.0.0
2026-05-03 17:03:02,871 [WARN] ConditionMgr:1044 - genDependencies : Invalid condition id : UX DEVICE CLASS RTOS Condition cause : null
2026-05-03 17:03:02,871 [WARN] ConditionMgr:1044 - genDependencies : Invalid condition id : UX DEVICE CLASS RTOS Condition cause : null
2026-05-03 17:03:02,872 [WARN] ConditionMgr:1044 - genDependencies : Invalid condition id : UX DEVICE CLASS RTOS Condition cause : null
2026-05-03 17:03:02,872 [WARN] ConditionMgr:1044 - genDependencies : Invalid condition id : UX DEVICE CLASS RTOS Condition cause : null
2026-05-03 17:03:02,872 [WARN] ConditionMgr:1044 - genDependencies : Invalid condition id : UX DEVICE CLASS RTOS Condition cause : null
2026-05-03 17:03:02,876 [WARN] ConditionMgr:438 - getConditionDescription Invalid condition id : Cortex-A Device cause : null
2026-05-03 17:03:02,881 [WARN] ConditionMgr:1044 - genDependencies : Invalid condition id : Cortex-A Device cause : null
2026-05-03 17:03:02,881 [WARN] ConditionMgr:1044 - genDependencies : Invalid condition id : Cortex-A Device cause : null
2026-05-03 17:03:02,881 [WARN] ConditionMgr:1044 - genDependencies : Invalid condition id : Cortex-A Device cause : null
2026-05-03 17:03:02,886 [WARN] PackLoader:240 - Cannot read IP mode file for STMicroelectronics.X-CUBE-STSE01.2.0.0
2026-05-03 17:03:02,892 [WARN] PackLoader:240 - Cannot read IP mode file for STMicroelectronics.X-CUBE-SUBG2.5.0.0
2026-05-03 17:03:02,902 [WARN] PackLoader:240 - Cannot read IP mode file for STMicroelectronics.X-CUBE-AZRTOS-G4.2.0.0
2026-05-03 17:03:02,906 [WARN] PackLoader:240 - Cannot read IP mode file for wolfSSL.I-CUBE-wolfSSH.1.4.20
2026-05-03 17:03:02,910 [WARN] PackLoader:240 - Cannot read IP mode file for STMicroelectronics.X-CUBE-NFC7.2.0.0
2026-05-03 17:03:02,913 [WARN] PackLoader:240 - Cannot read IP mode file for STMicroelectronics.X-CUBE-ALS.1.0.2
2026-05-03 17:03:02,920 [WARN] PackLoader:240 - Cannot read IP mode file for STMicroelectronics.X-CUBE-TOF1.3.4.3
2026-05-03 17:03:02,925 [INFO] ThirdParty:978 - Integrity check success = true
2026-05-03 17:03:02,925 [INFO] IntegrityCheckThread:100 - exiting critical section [integrity check]
2026-05-03 17:03:02,925 [INFO] IntegrityCheckThread:103 - End integrity checks thread
2026-05-03 20:06:04,903 [INFO] WebApp:194 - Connection lost
2026-05-03 20:06:07,917 [INFO] WebApp:191 - Connection restablished
2026-05-03 20:06:10,032 [INFO] WebApp:194 - Connection lost
2026-05-03 20:06:10,160 [INFO] WebApp:191 - Connection restablished
2026-05-03 22:02:46,706 [ERROR] LogOutputStream:75 - [STDERR_REDIRECT] 
