
*** Running vivado
    with args -log xtea_uart_top.vds -m64 -product Vivado -mode batch -messageDb vivado.pb -notrace -source xtea_uart_top.tcl

WARNING: Default location for XILINX_VIVADO_HLS not found: 
WARNING: [Common 17-306] Update version (2019.1.1_AR73110) does not match product version (2019.1.1).

****** Vivado v2019.1.1_AR73110 (64-bit)
  **** SW Build 2580384 on Sat Jun 29 08:12:21 MDT 2019
  **** IP Build 2579722 on Sat Jun 29 11:35:40 MDT 2019
    ** Copyright 1986-2019 Xilinx, Inc. All Rights Reserved.

source xtea_uart_top.tcl -notrace
Command: synth_design -top xtea_uart_top -part xc7a35tcpg236-1
Starting synth_design
Attempting to get a license for feature 'Synthesis' and/or device 'xc7a35t'
INFO: [Common 17-349] Got license for feature 'Synthesis' and/or device 'xc7a35t'
INFO: [Device 21-403] Loading part xc7a35tcpg236-1
INFO: Launching helper process for spawning children vivado processes
INFO: Helper process launched with PID 25352 
---------------------------------------------------------------------------------
Starting RTL Elaboration : Time (s): cpu = 00:00:02 ; elapsed = 00:00:02 . Memory (MB): peak = 676.867 ; gain = 177.137
---------------------------------------------------------------------------------
INFO: [Synth 8-638] synthesizing module 'xtea_uart_top' [C:/Users/wskg3/F330590_CW_1005/F330590_CW_xtea_fpga/F330590_XTEA_code/uart_xtea_top.vhd:17]
	Parameter clk_freq bound to: 100000000 - type: integer 
	Parameter baud_rate bound to: 9600 - type: integer 
	Parameter os_rate bound to: 16 - type: integer 
	Parameter d_width bound to: 8 - type: integer 
	Parameter parity bound to: 0 - type: integer 
	Parameter parity_eo bound to: 1'b0 
INFO: [Synth 8-3491] module 'uart' declared at 'C:/Users/wskg3/F330590_CW_1005/F330590_CW_xtea_fpga/F330590_XTEA_code/uart.vhd:28' bound to instance 'u_uart' of component 'uart' [C:/Users/wskg3/F330590_CW_1005/F330590_CW_xtea_fpga/F330590_XTEA_code/uart_xtea_top.vhd:100]
INFO: [Synth 8-638] synthesizing module 'uart' [C:/Users/wskg3/F330590_CW_1005/F330590_CW_xtea_fpga/F330590_XTEA_code/uart.vhd:49]
	Parameter clk_freq bound to: 100000000 - type: integer 
	Parameter baud_rate bound to: 9600 - type: integer 
	Parameter os_rate bound to: 16 - type: integer 
	Parameter d_width bound to: 8 - type: integer 
	Parameter parity bound to: 0 - type: integer 
	Parameter parity_eo bound to: 1'b0 
WARNING: [Synth 8-614] signal 'os_pulse' is read in the process but is not in the sensitivity list [C:/Users/wskg3/F330590_CW_1005/F330590_CW_xtea_fpga/F330590_XTEA_code/uart.vhd:95]
INFO: [Synth 8-256] done synthesizing module 'uart' (1#1) [C:/Users/wskg3/F330590_CW_1005/F330590_CW_xtea_fpga/F330590_XTEA_code/uart.vhd:49]
INFO: [Synth 8-3491] module 'xtea_top' declared at 'C:/Users/wskg3/F330590_CW_1005/F330590_CW_xtea_fpga/F330590_XTEA_code/xtea_top.vhd:6' bound to instance 'u_xtea' of component 'xtea_top' [C:/Users/wskg3/F330590_CW_1005/F330590_CW_xtea_fpga/F330590_XTEA_code/uart_xtea_top.vhd:122]
INFO: [Synth 8-638] synthesizing module 'xtea_top' [C:/Users/wskg3/F330590_CW_1005/F330590_CW_xtea_fpga/F330590_XTEA_code/xtea_top.vhd:20]
INFO: [Synth 8-226] default block is never used [C:/Users/wskg3/F330590_CW_1005/F330590_CW_xtea_fpga/F330590_XTEA_code/xtea_top.vhd:208]
WARNING: [Synth 8-6014] Unused sequential element adj_sum_reg was removed.  [C:/Users/wskg3/F330590_CW_1005/F330590_CW_xtea_fpga/F330590_XTEA_code/xtea_top.vhd:149]
WARNING: [Synth 8-6014] Unused sequential element sk0_reg was removed.  [C:/Users/wskg3/F330590_CW_1005/F330590_CW_xtea_fpga/F330590_XTEA_code/xtea_top.vhd:150]
WARNING: [Synth 8-6014] Unused sequential element sk1_reg was removed.  [C:/Users/wskg3/F330590_CW_1005/F330590_CW_xtea_fpga/F330590_XTEA_code/xtea_top.vhd:151]
WARNING: [Synth 8-6014] Unused sequential element new_y0_reg was removed.  [C:/Users/wskg3/F330590_CW_1005/F330590_CW_xtea_fpga/F330590_XTEA_code/xtea_top.vhd:153]
WARNING: [Synth 8-6014] Unused sequential element new_y1_reg was removed.  [C:/Users/wskg3/F330590_CW_1005/F330590_CW_xtea_fpga/F330590_XTEA_code/xtea_top.vhd:154]
WARNING: [Synth 8-6014] Unused sequential element new_z0_reg was removed.  [C:/Users/wskg3/F330590_CW_1005/F330590_CW_xtea_fpga/F330590_XTEA_code/xtea_top.vhd:165]
WARNING: [Synth 8-6014] Unused sequential element new_z1_reg was removed.  [C:/Users/wskg3/F330590_CW_1005/F330590_CW_xtea_fpga/F330590_XTEA_code/xtea_top.vhd:166]
INFO: [Synth 8-256] done synthesizing module 'xtea_top' (2#1) [C:/Users/wskg3/F330590_CW_1005/F330590_CW_xtea_fpga/F330590_XTEA_code/xtea_top.vhd:20]
INFO: [Synth 8-226] default block is never used [C:/Users/wskg3/F330590_CW_1005/F330590_CW_xtea_fpga/F330590_XTEA_code/uart_xtea_top.vhd:227]
WARNING: [Synth 8-6014] Unused sequential element assembled_reg was removed.  [C:/Users/wskg3/F330590_CW_1005/F330590_CW_xtea_fpga/F330590_XTEA_code/uart_xtea_top.vhd:179]
INFO: [Synth 8-256] done synthesizing module 'xtea_uart_top' (3#1) [C:/Users/wskg3/F330590_CW_1005/F330590_CW_xtea_fpga/F330590_XTEA_code/uart_xtea_top.vhd:17]
WARNING: [Synth 8-3917] design xtea_uart_top has port led[9] driven by constant 0
WARNING: [Synth 8-3917] design xtea_uart_top has port led[8] driven by constant 0
WARNING: [Synth 8-3917] design xtea_uart_top has port led[7] driven by constant 0
WARNING: [Synth 8-3917] design xtea_uart_top has port led[6] driven by constant 0
WARNING: [Synth 8-3917] design xtea_uart_top has port led[5] driven by constant 0
WARNING: [Synth 8-3917] design xtea_uart_top has port led[4] driven by constant 0
---------------------------------------------------------------------------------
Finished RTL Elaboration : Time (s): cpu = 00:00:03 ; elapsed = 00:00:03 . Memory (MB): peak = 740.477 ; gain = 240.746
---------------------------------------------------------------------------------

Report Check Netlist: 
+------+------------------+-------+---------+-------+------------------+
|      |Item              |Errors |Warnings |Status |Description       |
+------+------------------+-------+---------+-------+------------------+
|1     |multi_driven_nets |      0|        0|Passed |Multi driven nets |
+------+------------------+-------+---------+-------+------------------+
---------------------------------------------------------------------------------
Start Handling Custom Attributes
---------------------------------------------------------------------------------
---------------------------------------------------------------------------------
Finished Handling Custom Attributes : Time (s): cpu = 00:00:03 ; elapsed = 00:00:03 . Memory (MB): peak = 740.477 ; gain = 240.746
---------------------------------------------------------------------------------
---------------------------------------------------------------------------------
Finished RTL Optimization Phase 1 : Time (s): cpu = 00:00:03 ; elapsed = 00:00:03 . Memory (MB): peak = 740.477 ; gain = 240.746
---------------------------------------------------------------------------------
INFO: [Project 1-570] Preparing netlist for logic optimization

Processing XDC Constraints
Initializing timing engine
Parsing XDC File [C:/Users/wskg3/F330590_CW_1005/F330590_CW_xtea_fpga/F330590_XTEA_xdc/Basys-3-Master.xdc]
Finished Parsing XDC File [C:/Users/wskg3/F330590_CW_1005/F330590_CW_xtea_fpga/F330590_XTEA_xdc/Basys-3-Master.xdc]
INFO: [Project 1-236] Implementation specific constraints were found while reading constraint file [C:/Users/wskg3/F330590_CW_1005/F330590_CW_xtea_fpga/F330590_XTEA_xdc/Basys-3-Master.xdc]. These constraints will be ignored for synthesis but will be used in implementation. Impacted constraints are listed in the file [.Xil/xtea_uart_top_propImpl.xdc].
Resolution: To avoid this warning, move constraints listed in [.Xil/xtea_uart_top_propImpl.xdc] to another XDC file and exclude this new file from synthesis with the used_in_synthesis property (File Properties dialog in GUI) and re-run elaboration/synthesis.
Completed Processing XDC Constraints

Netlist sorting complete. Time (s): cpu = 00:00:00 ; elapsed = 00:00:00 . Memory (MB): peak = 867.953 ; gain = 0.000
INFO: [Project 1-111] Unisim Transformation Summary:
No Unisim elements were transformed.

Constraint Validation Runtime : Time (s): cpu = 00:00:00 ; elapsed = 00:00:00.007 . Memory (MB): peak = 867.953 ; gain = 0.000
---------------------------------------------------------------------------------
Finished Constraint Validation : Time (s): cpu = 00:00:07 ; elapsed = 00:00:07 . Memory (MB): peak = 867.953 ; gain = 368.223
---------------------------------------------------------------------------------
---------------------------------------------------------------------------------
Start Loading Part and Timing Information
---------------------------------------------------------------------------------
Loading part: xc7a35tcpg236-1
---------------------------------------------------------------------------------
Finished Loading Part and Timing Information : Time (s): cpu = 00:00:07 ; elapsed = 00:00:07 . Memory (MB): peak = 867.953 ; gain = 368.223
---------------------------------------------------------------------------------
---------------------------------------------------------------------------------
Start Applying 'set_property' XDC Constraints
---------------------------------------------------------------------------------
---------------------------------------------------------------------------------
Finished applying 'set_property' XDC Constraints : Time (s): cpu = 00:00:07 ; elapsed = 00:00:07 . Memory (MB): peak = 867.953 ; gain = 368.223
---------------------------------------------------------------------------------
INFO: [Synth 8-5818] HDL ADVISOR - The operator resource <adder> is shared. To prevent sharing consider applying a KEEP on the output of the operator [C:/Users/wskg3/F330590_CW_1005/F330590_CW_xtea_fpga/F330590_XTEA_code/xtea_top.vhd:148]
INFO: [Synth 8-5818] HDL ADVISOR - The operator resource <adder> is shared. To prevent sharing consider applying a KEEP on the output of the operator [C:/Users/wskg3/F330590_CW_1005/F330590_CW_xtea_fpga/F330590_XTEA_code/xtea_top.vhd:148]
INFO: [Synth 8-5818] HDL ADVISOR - The operator resource <adder> is shared. To prevent sharing consider applying a KEEP on the output of the operator [C:/Users/wskg3/F330590_CW_1005/F330590_CW_xtea_fpga/F330590_XTEA_code/xtea_top.vhd:148]
INFO: [Synth 8-802] inferred FSM for state register 'state_reg' in module 'xtea_top'
INFO: [Synth 8-802] inferred FSM for state register 'state_reg' in module 'xtea_uart_top'
---------------------------------------------------------------------------------------------------
                   State |                     New Encoding |                Previous Encoding 
---------------------------------------------------------------------------------------------------
                    idle |                              000 |                              000
                    load |                              001 |                              001
                 compute |                              010 |                              010
             output_data |                              011 |                              011
             output_done |                              100 |                              100
---------------------------------------------------------------------------------------------------
INFO: [Synth 8-3354] encoded FSM with state register 'state_reg' using encoding 'sequential' in module 'xtea_top'
---------------------------------------------------------------------------------------------------
                   State |                     New Encoding |                Previous Encoding 
---------------------------------------------------------------------------------------------------
               s_rx_ctrl |                              000 |                              000
              s_rx_bytes |                              001 |                              001
             s_feed_word |                              010 |                              010
             s_xtea_wait |                              011 |                              011
               s_capture |                              100 |                              100
               s_tx_load |                              101 |                              101
          s_tx_wait_busy |                              110 |                              110
          s_tx_wait_done |                              111 |                              111
---------------------------------------------------------------------------------------------------
INFO: [Synth 8-3354] encoded FSM with state register 'state_reg' using encoding 'sequential' in module 'xtea_uart_top'
---------------------------------------------------------------------------------
Finished RTL Optimization Phase 2 : Time (s): cpu = 00:00:07 ; elapsed = 00:00:08 . Memory (MB): peak = 867.953 ; gain = 368.223
---------------------------------------------------------------------------------

Report RTL Partitions: 
+-+--------------+------------+----------+
| |RTL Partition |Replication |Instances |
+-+--------------+------------+----------+
+-+--------------+------------+----------+
---------------------------------------------------------------------------------
Start RTL Component Statistics 
---------------------------------------------------------------------------------
Detailed RTL Component Info : 
+---Adders : 
	   2 Input     32 Bit       Adders := 13    
	   3 Input     32 Bit       Adders := 4     
	   2 Input     10 Bit       Adders := 1     
	   2 Input      6 Bit       Adders := 1     
	   2 Input      5 Bit       Adders := 4     
	   2 Input      4 Bit       Adders := 4     
	   2 Input      3 Bit       Adders := 2     
	   2 Input      2 Bit       Adders := 5     
+---XORs : 
	   2 Input     32 Bit         XORs := 12    
+---Registers : 
	               32 Bit    Registers := 29    
	               10 Bit    Registers := 2     
	                9 Bit    Registers := 1     
	                8 Bit    Registers := 2     
	                6 Bit    Registers := 1     
	                5 Bit    Registers := 2     
	                4 Bit    Registers := 3     
	                3 Bit    Registers := 1     
	                2 Bit    Registers := 5     
	                1 Bit    Registers := 16    
+---Muxes : 
	   2 Input     32 Bit        Muxes := 11    
	   4 Input     32 Bit        Muxes := 10    
	   5 Input     32 Bit        Muxes := 5     
	   4 Input     24 Bit        Muxes := 1     
	   4 Input     16 Bit        Muxes := 1     
	   2 Input     10 Bit        Muxes := 4     
	   2 Input      9 Bit        Muxes := 1     
	   4 Input      8 Bit        Muxes := 2     
	   2 Input      6 Bit        Muxes := 4     
	   8 Input      6 Bit        Muxes := 1     
	   5 Input      5 Bit        Muxes := 1     
	   2 Input      5 Bit        Muxes := 1     
	   8 Input      5 Bit        Muxes := 1     
	   2 Input      4 Bit        Muxes := 6     
	   5 Input      3 Bit        Muxes := 1     
	   8 Input      3 Bit        Muxes := 1     
	   2 Input      3 Bit        Muxes := 3     
	   5 Input      2 Bit        Muxes := 1     
	   2 Input      2 Bit        Muxes := 1     
	   8 Input      2 Bit        Muxes := 4     
	   2 Input      1 Bit        Muxes := 43    
	   4 Input      1 Bit        Muxes := 3     
	   5 Input      1 Bit        Muxes := 15    
	   3 Input      1 Bit        Muxes := 1     
	   8 Input      1 Bit        Muxes := 25    
---------------------------------------------------------------------------------
Finished RTL Component Statistics 
---------------------------------------------------------------------------------
---------------------------------------------------------------------------------
Start RTL Hierarchical Component Statistics 
---------------------------------------------------------------------------------
Hierarchical RTL Component report 
Module xtea_uart_top 
Detailed RTL Component Info : 
+---Adders : 
	   2 Input      6 Bit       Adders := 1     
	   2 Input      5 Bit       Adders := 3     
	   2 Input      3 Bit       Adders := 2     
	   2 Input      2 Bit       Adders := 4     
+---Registers : 
	               32 Bit    Registers := 15    
	                8 Bit    Registers := 1     
	                6 Bit    Registers := 1     
	                5 Bit    Registers := 1     
	                3 Bit    Registers := 1     
	                2 Bit    Registers := 4     
	                1 Bit    Registers := 5     
+---Muxes : 
	   4 Input     32 Bit        Muxes := 3     
	   4 Input     24 Bit        Muxes := 1     
	   4 Input     16 Bit        Muxes := 1     
	   4 Input      8 Bit        Muxes := 2     
	   2 Input      6 Bit        Muxes := 4     
	   8 Input      6 Bit        Muxes := 1     
	   2 Input      5 Bit        Muxes := 1     
	   8 Input      5 Bit        Muxes := 1     
	   8 Input      3 Bit        Muxes := 1     
	   2 Input      3 Bit        Muxes := 3     
	   2 Input      2 Bit        Muxes := 1     
	   8 Input      2 Bit        Muxes := 4     
	   2 Input      1 Bit        Muxes := 27    
	   3 Input      1 Bit        Muxes := 1     
	   8 Input      1 Bit        Muxes := 25    
Module uart 
Detailed RTL Component Info : 
+---Adders : 
	   2 Input     10 Bit       Adders := 1     
	   2 Input      4 Bit       Adders := 4     
+---Registers : 
	               10 Bit    Registers := 2     
	                9 Bit    Registers := 1     
	                8 Bit    Registers := 1     
	                4 Bit    Registers := 3     
	                1 Bit    Registers := 8     
+---Muxes : 
	   2 Input     10 Bit        Muxes := 4     
	   2 Input      9 Bit        Muxes := 1     
	   2 Input      4 Bit        Muxes := 6     
	   2 Input      1 Bit        Muxes := 12    
Module xtea_top 
Detailed RTL Component Info : 
+---Adders : 
	   2 Input     32 Bit       Adders := 13    
	   3 Input     32 Bit       Adders := 4     
	   2 Input      5 Bit       Adders := 1     
	   2 Input      2 Bit       Adders := 1     
+---XORs : 
	   2 Input     32 Bit         XORs := 12    
+---Registers : 
	               32 Bit    Registers := 14    
	                5 Bit    Registers := 1     
	                2 Bit    Registers := 1     
	                1 Bit    Registers := 3     
+---Muxes : 
	   2 Input     32 Bit        Muxes := 11    
	   4 Input     32 Bit        Muxes := 7     
	   5 Input     32 Bit        Muxes := 5     
	   5 Input      5 Bit        Muxes := 1     
	   5 Input      3 Bit        Muxes := 1     
	   5 Input      2 Bit        Muxes := 1     
	   2 Input      1 Bit        Muxes := 4     
	   4 Input      1 Bit        Muxes := 3     
	   5 Input      1 Bit        Muxes := 15    
---------------------------------------------------------------------------------
Finished RTL Hierarchical Component Statistics
---------------------------------------------------------------------------------
---------------------------------------------------------------------------------
Start Part Resource Summary
---------------------------------------------------------------------------------
Part Resources:
DSPs: 90 (col length:60)
BRAMs: 100 (col length: RAMB18 60 RAMB36 30)
---------------------------------------------------------------------------------
Finished Part Resource Summary
---------------------------------------------------------------------------------
---------------------------------------------------------------------------------
Start Cross Boundary and Area Optimization
---------------------------------------------------------------------------------
Warning: Parallel synthesis criteria is not met 
WARNING: [Synth 8-3917] design xtea_uart_top has port led[9] driven by constant 0
WARNING: [Synth 8-3917] design xtea_uart_top has port led[8] driven by constant 0
WARNING: [Synth 8-3917] design xtea_uart_top has port led[7] driven by constant 0
WARNING: [Synth 8-3917] design xtea_uart_top has port led[6] driven by constant 0
WARNING: [Synth 8-3917] design xtea_uart_top has port led[5] driven by constant 0
WARNING: [Synth 8-3917] design xtea_uart_top has port led[4] driven by constant 0
---------------------------------------------------------------------------------
Finished Cross Boundary and Area Optimization : Time (s): cpu = 00:00:11 ; elapsed = 00:00:12 . Memory (MB): peak = 867.953 ; gain = 368.223
---------------------------------------------------------------------------------

Report RTL Partitions: 
+-+--------------+------------+----------+
| |RTL Partition |Replication |Instances |
+-+--------------+------------+----------+
+-+--------------+------------+----------+
---------------------------------------------------------------------------------
Start Applying XDC Timing Constraints
---------------------------------------------------------------------------------
---------------------------------------------------------------------------------
Finished Applying XDC Timing Constraints : Time (s): cpu = 00:00:17 ; elapsed = 00:00:18 . Memory (MB): peak = 867.953 ; gain = 368.223
---------------------------------------------------------------------------------
---------------------------------------------------------------------------------
Start Timing Optimization
---------------------------------------------------------------------------------
---------------------------------------------------------------------------------
Finished Timing Optimization : Time (s): cpu = 00:00:19 ; elapsed = 00:00:19 . Memory (MB): peak = 905.551 ; gain = 405.820
---------------------------------------------------------------------------------

Report RTL Partitions: 
+-+--------------+------------+----------+
| |RTL Partition |Replication |Instances |
+-+--------------+------------+----------+
+-+--------------+------------+----------+
---------------------------------------------------------------------------------
Start Technology Mapping
---------------------------------------------------------------------------------
---------------------------------------------------------------------------------
Finished Technology Mapping : Time (s): cpu = 00:00:20 ; elapsed = 00:00:20 . Memory (MB): peak = 906.586 ; gain = 406.855
---------------------------------------------------------------------------------

Report RTL Partitions: 
+-+--------------+------------+----------+
| |RTL Partition |Replication |Instances |
+-+--------------+------------+----------+
+-+--------------+------------+----------+
---------------------------------------------------------------------------------
Start IO Insertion
---------------------------------------------------------------------------------
---------------------------------------------------------------------------------
Start Flattening Before IO Insertion
---------------------------------------------------------------------------------
---------------------------------------------------------------------------------
Finished Flattening Before IO Insertion
---------------------------------------------------------------------------------
---------------------------------------------------------------------------------
Start Final Netlist Cleanup
---------------------------------------------------------------------------------
---------------------------------------------------------------------------------
Finished Final Netlist Cleanup
---------------------------------------------------------------------------------
---------------------------------------------------------------------------------
Finished IO Insertion : Time (s): cpu = 00:00:21 ; elapsed = 00:00:22 . Memory (MB): peak = 906.586 ; gain = 406.855
---------------------------------------------------------------------------------

Report Check Netlist: 
+------+------------------+-------+---------+-------+------------------+
|      |Item              |Errors |Warnings |Status |Description       |
+------+------------------+-------+---------+-------+------------------+
|1     |multi_driven_nets |      0|        0|Passed |Multi driven nets |
+------+------------------+-------+---------+-------+------------------+
---------------------------------------------------------------------------------
Start Renaming Generated Instances
---------------------------------------------------------------------------------
---------------------------------------------------------------------------------
Finished Renaming Generated Instances : Time (s): cpu = 00:00:21 ; elapsed = 00:00:22 . Memory (MB): peak = 906.586 ; gain = 406.855
---------------------------------------------------------------------------------

Report RTL Partitions: 
+-+--------------+------------+----------+
| |RTL Partition |Replication |Instances |
+-+--------------+------------+----------+
+-+--------------+------------+----------+
---------------------------------------------------------------------------------
Start Rebuilding User Hierarchy
---------------------------------------------------------------------------------
---------------------------------------------------------------------------------
Finished Rebuilding User Hierarchy : Time (s): cpu = 00:00:21 ; elapsed = 00:00:22 . Memory (MB): peak = 906.586 ; gain = 406.855
---------------------------------------------------------------------------------
---------------------------------------------------------------------------------
Start Renaming Generated Ports
---------------------------------------------------------------------------------
---------------------------------------------------------------------------------
Finished Renaming Generated Ports : Time (s): cpu = 00:00:21 ; elapsed = 00:00:22 . Memory (MB): peak = 906.586 ; gain = 406.855
---------------------------------------------------------------------------------
---------------------------------------------------------------------------------
Start Handling Custom Attributes
---------------------------------------------------------------------------------
---------------------------------------------------------------------------------
Finished Handling Custom Attributes : Time (s): cpu = 00:00:21 ; elapsed = 00:00:22 . Memory (MB): peak = 906.586 ; gain = 406.855
---------------------------------------------------------------------------------
---------------------------------------------------------------------------------
Start Renaming Generated Nets
---------------------------------------------------------------------------------
---------------------------------------------------------------------------------
Finished Renaming Generated Nets : Time (s): cpu = 00:00:21 ; elapsed = 00:00:22 . Memory (MB): peak = 906.586 ; gain = 406.855
---------------------------------------------------------------------------------
---------------------------------------------------------------------------------
Start Writing Synthesis Report
---------------------------------------------------------------------------------

Report BlackBoxes: 
+-+--------------+----------+
| |BlackBox name |Instances |
+-+--------------+----------+
+-+--------------+----------+

Report Cell Usage: 
+------+-------+------+
|      |Cell   |Count |
+------+-------+------+
|1     |BUFG   |     1|
|2     |CARRY4 |   140|
|3     |LUT1   |    34|
|4     |LUT2   |   145|
|5     |LUT3   |   441|
|6     |LUT4   |    92|
|7     |LUT5   |   252|
|8     |LUT6   |   336|
|9     |FDCE   |  1021|
|10    |FDPE   |     2|
|11    |FDRE   |    19|
|12    |IBUF   |     3|
|13    |OBUF   |    17|
+------+-------+------+

Report Instance Areas: 
+------+---------+---------+------+
|      |Instance |Module   |Cells |
+------+---------+---------+------+
|1     |top      |         |  2503|
|2     |  u_uart |uart     |   206|
|3     |  u_xtea |xtea_top |  1647|
+------+---------+---------+------+
---------------------------------------------------------------------------------
Finished Writing Synthesis Report : Time (s): cpu = 00:00:21 ; elapsed = 00:00:22 . Memory (MB): peak = 906.586 ; gain = 406.855
---------------------------------------------------------------------------------
Synthesis finished with 0 errors, 0 critical warnings and 6 warnings.
Synthesis Optimization Runtime : Time (s): cpu = 00:00:17 ; elapsed = 00:00:20 . Memory (MB): peak = 906.586 ; gain = 279.379
Synthesis Optimization Complete : Time (s): cpu = 00:00:22 ; elapsed = 00:00:22 . Memory (MB): peak = 906.586 ; gain = 406.855
INFO: [Project 1-571] Translating synthesized netlist
INFO: [Netlist 29-17] Analyzing 140 Unisim elements for replacement
INFO: [Netlist 29-28] Unisim Transformation completed in 0 CPU seconds
INFO: [Project 1-570] Preparing netlist for logic optimization
INFO: [Opt 31-138] Pushed 0 inverter(s) to 0 load pin(s).
Netlist sorting complete. Time (s): cpu = 00:00:00 ; elapsed = 00:00:00 . Memory (MB): peak = 906.586 ; gain = 0.000
INFO: [Project 1-111] Unisim Transformation Summary:
No Unisim elements were transformed.

INFO: [Common 17-83] Releasing license: Synthesis
29 Infos, 21 Warnings, 0 Critical Warnings and 0 Errors encountered.
synth_design completed successfully
synth_design: Time (s): cpu = 00:00:25 ; elapsed = 00:00:27 . Memory (MB): peak = 906.586 ; gain = 606.652
Netlist sorting complete. Time (s): cpu = 00:00:00 ; elapsed = 00:00:00.001 . Memory (MB): peak = 906.586 ; gain = 0.000
WARNING: [Constraints 18-5210] No constraints selected for write.
Resolution: This message can indicate that there are no constraints for the design, or it can indicate that the used_in flags are set such that the constraints are ignored. This later case is used when running synth_design to not write synthesis constraints to the resulting checkpoint. Instead, project constraints are read when the synthesized design is opened.
INFO: [Common 17-1381] The checkpoint 'C:/Users/wskg3/F330590_CW_1005/F330590_CW_xtea_fpga/F330590_CW_xtea_fpga.runs/synth_1/xtea_uart_top.dcp' has been generated.
INFO: [runtcl-4] Executing : report_utilization -file xtea_uart_top_utilization_synth.rpt -pb xtea_uart_top_utilization_synth.pb
INFO: [Common 17-206] Exiting Vivado at Sun May 10 17:18:55 2026...
