Copyright 1986-2019 Xilinx, Inc. All Rights Reserved.
------------------------------------------------------------------------------------------------------------------------------
| Tool Version : Vivado v.2019.1.1_AR73110 (win64) Build 2580384 Sat Jun 29 08:12:21 MDT 2019
| Date         : Sun May 10 17:19:21 2026
| Host         : WIN-STEM107-19 running 64-bit major release  (build 9200)
| Command      : report_drc -file xtea_uart_top_drc_opted.rpt -pb xtea_uart_top_drc_opted.pb -rpx xtea_uart_top_drc_opted.rpx
| Design       : xtea_uart_top
| Device       : xc7a35tcpg236-1
| Speed File   : -1
| Design State : Synthesized
------------------------------------------------------------------------------------------------------------------------------

Report DRC

Table of Contents
-----------------
1. REPORT SUMMARY
2. REPORT DETAILS

1. REPORT SUMMARY
-----------------
            Netlist: netlist
          Floorplan: design_1
      Design limits: <entire design considered>
           Ruledeck: default
             Max violations: <unlimited>
             Violations found: 0
+------+----------+-------------+------------+
| Rule | Severity | Description | Violations |
+------+----------+-------------+------------+
+------+----------+-------------+------------+

2. REPORT DETAILS
-----------------

